-- Setting Build Type to Release by default
-- Using ccache to speed up repeated builds
-- Looking for C++ include pthread.h
-- Looking for C++ include pthread.h - found
-- Performing Test CMAKE_HAVE_LIBC_PTHREAD
-- Performing Test CMAKE_HAVE_LIBC_PTHREAD - Failed
-- Looking for pthread_create in pthreads
-- Looking for pthread_create in pthreads - not found
-- Looking for pthread_create in pthread
-- Looking for pthread_create in pthread - found
-- Found Threads: TRUE  
-- Found CUDA: /usr/local/cuda (found version "11.4") 
-- Autodetected CUDA architecture(s):  8.7
-- CUDA Architecture(s): -gencode=arch=compute_87,code=sm_87
-- Found ament_cmake: 0.9.12 (/opt/ros/foxy/share/ament_cmake/cmake)
-- Using PYTHON_EXECUTABLE: /usr/bin/python3
-- Found ament_lint_auto: 0.9.8 (/opt/ros/foxy/share/ament_lint_auto/cmake)
-- Configuring incomplete, errors occurred!
See also "/home/kt/repos/mppi/build/mppi/CMakeFiles/CMakeOutput.log".
See also "/home/kt/repos/mppi/build/mppi/CMakeFiles/CMakeError.log".
