CMake Error at CMakeLists.txt:8 (add_subdirectory):
  add_subdirectory not given a binary directory but the given source
  directory "/home/kt/repos/mppi/submodules/MPPI-Generic" is not a
  subdirectory of "/home/kt/repos/mppi/src/mppi".  When specifying an
  out-of-tree source a binary directory must be explicitly specified.


-- Setting Build Type to Release by default
-- Using ccache to speed up repeated builds
-- Looking for C++ include pthread.h
-- Looking for C++ include pthread.h - found
-- Performing Test CMAKE_HAVE_LIBC_PTHREAD
-- Performing Test CMAKE_HAVE_LIBC_PTHREAD - Failed
-- Looking for pthread_create in pthreads
-- Looking for pthread_create in pthreads - not found
-- Looking for pthread_create in pthread
-- Looking for pthread_create in pthread - found
-- Found Threads: TRUE  
-- Found CUDA: /usr/local/cuda (found version "11.4") 
-- Autodetected CUDA architecture(s):  8.7
-- CUDA Architecture(s): -gencode=arch=compute_87,code=sm_87
-- Found ament_cmake: 0.9.12 (/opt/ros/foxy/share/ament_cmake/cmake)
-- Using PYTHON_EXECUTABLE: /usr/bin/python3
-- Found ament_lint_auto: 0.9.8 (/opt/ros/foxy/share/ament_lint_auto/cmake)
CMake Error: File /home/kt/repos/mppi/src/mppi/package.xml does not exist.
CMake Error at /opt/ros/foxy/share/ament_cmake_core/cmake/core/stamp.cmake:24 (configure_file):
  configure_file Problem configuring file
Call Stack (most recent call first):
  /opt/ros/foxy/share/ament_cmake_core/cmake/core/ament_package_xml.cmake:73 (stamp)
  /opt/ros/foxy/share/ament_cmake_core/cmake/core/ament_package_xml.cmake:49 (_ament_package_xml)
  /opt/ros/foxy/share/ament_lint_auto/cmake/ament_lint_auto_find_test_dependencies.cmake:31 (ament_package_xml)
  CMakeLists.txt:47 (ament_lint_auto_find_test_dependencies)


CMake Error: File /home/kt/repos/mppi/src/mppi/package.xml does not exist.
CMake Error at /opt/ros/foxy/share/ament_cmake_core/cmake/core/stamp.cmake:24 (configure_file):
  configure_file Problem configuring file
Call Stack (most recent call first):
  /opt/ros/foxy/share/ament_cmake_core/cmake/core/ament_package_xml.cmake:73 (stamp)
  /opt/ros/foxy/share/ament_cmake_core/cmake/core/ament_package_xml.cmake:49 (_ament_package_xml)
  /opt/ros/foxy/share/ament_cmake_core/cmake/core/ament_package.cmake:63 (ament_package_xml)
  CMakeLists.txt:50 (ament_package)


-- Configuring incomplete, errors occurred!
See also "/home/kt/repos/mppi/build/mppi/CMakeFiles/CMakeOutput.log".
See also "/home/kt/repos/mppi/build/mppi/CMakeFiles/CMakeError.log".
