[0.035s] Invoking command in '/home/kt/repos/mppi/build/mppi': /usr/bin/cmake /home/kt/repos/mppi/src/mppi -DCMAKE_INSTALL_PREFIX=/home/kt/repos/mppi/install/mppi
[0.061s] CMake Error at CMakeLists.txt:8 (add_subdirectory):
[0.061s]   add_subdirectory not given a binary directory but the given source
[0.062s]   directory "/home/kt/repos/mppi/submodules/MPPI-Generic" is not a
[0.062s]   subdirectory of "/home/kt/repos/mppi/src/mppi".  When specifying an
[0.062s]   out-of-tree source a binary directory must be explicitly specified.
[0.062s] 
[0.062s] 
[0.062s] -- Setting Build Type to Release by default
[0.062s] -- Using ccache to speed up repeated builds
[0.072s] -- Looking for C++ include pthread.h
[0.240s] -- Looking for C++ include pthread.h - found
[0.241s] -- Performing Test CMAKE_HAVE_LIBC_PTHREAD
[0.407s] -- Performing Test CMAKE_HAVE_LIBC_PTHREAD - Failed
[0.408s] -- Looking for pthread_create in pthreads
[0.555s] -- Looking for pthread_create in pthreads - not found
[0.556s] -- Looking for pthread_create in pthread
[0.711s] -- Looking for pthread_create in pthread - found
[0.713s] -- Found Threads: TRUE  
[0.762s] -- Found CUDA: /usr/local/cuda (found version "11.4") 
[1.944s] -- Autodetected CUDA architecture(s):  8.7
[1.944s] -- CUDA Architecture(s): -gencode=arch=compute_87,code=sm_87
[1.945s] -- Found ament_cmake: 0.9.12 (/opt/ros/foxy/share/ament_cmake/cmake)
[1.992s] -- Using PYTHON_EXECUTABLE: /usr/bin/python3
[2.386s] -- Found ament_lint_auto: 0.9.8 (/opt/ros/foxy/share/ament_lint_auto/cmake)
[2.388s] CMake Error: File /home/kt/repos/mppi/src/mppi/package.xml does not exist.
[2.388s] CMake Error at /opt/ros/foxy/share/ament_cmake_core/cmake/core/stamp.cmake:24 (configure_file):
[2.388s]   configure_file Problem configuring file
[2.389s] Call Stack (most recent call first):
[2.389s]   /opt/ros/foxy/share/ament_cmake_core/cmake/core/ament_package_xml.cmake:73 (stamp)
[2.389s]   /opt/ros/foxy/share/ament_cmake_core/cmake/core/ament_package_xml.cmake:49 (_ament_package_xml)
[2.389s]   /opt/ros/foxy/share/ament_lint_auto/cmake/ament_lint_auto_find_test_dependencies.cmake:31 (ament_package_xml)
[2.390s]   CMakeLists.txt:47 (ament_lint_auto_find_test_dependencies)
[2.390s] 
[2.390s] 
[2.390s] CMake Error: File /home/kt/repos/mppi/src/mppi/package.xml does not exist.
[2.391s] CMake Error at /opt/ros/foxy/share/ament_cmake_core/cmake/core/stamp.cmake:24 (configure_file):
[2.391s]   configure_file Problem configuring file
[2.391s] Call Stack (most recent call first):
[2.391s]   /opt/ros/foxy/share/ament_cmake_core/cmake/core/ament_package_xml.cmake:73 (stamp)
[2.392s]   /opt/ros/foxy/share/ament_cmake_core/cmake/core/ament_package_xml.cmake:49 (_ament_package_xml)
[2.392s]   /opt/ros/foxy/share/ament_cmake_core/cmake/core/ament_package.cmake:63 (ament_package_xml)
[2.392s]   CMakeLists.txt:50 (ament_package)
[2.392s] 
[2.393s] 
[2.395s] -- Configuring incomplete, errors occurred!
[2.395s] See also "/home/kt/repos/mppi/build/mppi/CMakeFiles/CMakeOutput.log".
[2.396s] See also "/home/kt/repos/mppi/build/mppi/CMakeFiles/CMakeError.log".
[2.409s] Invoked command in '/home/kt/repos/mppi/build/mppi' returned '1': /usr/bin/cmake /home/kt/repos/mppi/src/mppi -DCMAKE_INSTALL_PREFIX=/home/kt/repos/mppi/install/mppi
