-- The CXX compiler identification is GNU 9.4.0
-- The CUDA compiler identification is NVIDIA 11.4.315
-- Check for working CXX compiler: /usr/bin/c++
-- Check for working CXX compiler: /usr/bin/c++ -- works
-- Detecting CXX compiler ABI info
-- Detecting CXX compiler ABI info - done
-- Detecting CXX compile features
-- Detecting CXX compile features - done
-- Check for working CUDA compiler: /usr/local/cuda/bin/nvcc
-- Check for working CUDA compiler: /usr/local/cuda/bin/nvcc -- works
-- Detecting CUDA compiler ABI info
-- Detecting CUDA compiler ABI info - done
CMake Error at CMakeLists.txt:8 (add_subdirectory):
  add_subdirectory given source
  "/home/kt/repos/mppi/src/mppi/submodules/MPPI-Generic" which is not an
  existing directory.


CMake Error at CMakeLists.txt:9 (include):
  include could not find load file:

    MPPIGenericToolsConfig


-- Found ament_cmake: 0.9.12 (/opt/ros/foxy/share/ament_cmake/cmake)
-- Found PythonInterp: /usr/bin/python3 (found suitable version "3.8.10", minimum required is "3") 
-- Using PYTHON_EXECUTABLE: /usr/bin/python3
-- Found ament_lint_auto: 0.9.8 (/opt/ros/foxy/share/ament_lint_auto/cmake)
CMake Error: File /home/kt/repos/mppi/src/mppi/package.xml does not exist.
CMake Error at /opt/ros/foxy/share/ament_cmake_core/cmake/core/stamp.cmake:24 (configure_file):
  configure_file Problem configuring file
Call Stack (most recent call first):
  /opt/ros/foxy/share/ament_cmake_core/cmake/core/ament_package_xml.cmake:73 (stamp)
  /opt/ros/foxy/share/ament_cmake_core/cmake/core/ament_package_xml.cmake:49 (_ament_package_xml)
  /opt/ros/foxy/share/ament_lint_auto/cmake/ament_lint_auto_find_test_dependencies.cmake:31 (ament_package_xml)
  CMakeLists.txt:47 (ament_lint_auto_find_test_dependencies)


CMake Error: File /home/kt/repos/mppi/src/mppi/package.xml does not exist.
CMake Error at /opt/ros/foxy/share/ament_cmake_core/cmake/core/stamp.cmake:24 (configure_file):
  configure_file Problem configuring file
Call Stack (most recent call first):
  /opt/ros/foxy/share/ament_cmake_core/cmake/core/ament_package_xml.cmake:73 (stamp)
  /opt/ros/foxy/share/ament_cmake_core/cmake/core/ament_package_xml.cmake:49 (_ament_package_xml)
  /opt/ros/foxy/share/ament_cmake_core/cmake/core/ament_package.cmake:63 (ament_package_xml)
  CMakeLists.txt:50 (ament_package)


-- Configuring incomplete, errors occurred!
See also "/home/kt/repos/mppi/build/mppi/CMakeFiles/CMakeOutput.log".
