[0.034s] Invoking command in '/home/kt/repos/mppi/build/mppi': /usr/bin/cmake /home/kt/repos/mppi/src/mppi -DCMAKE_INSTALL_PREFIX=/home/kt/repos/mppi/install/mppi
[0.157s] -- The CXX compiler identification is GNU 9.4.0
[1.349s] -- The CUDA compiler identification is NVIDIA 11.4.315
[1.361s] -- Check for working CXX compiler: /usr/bin/c++
[1.510s] -- Check for working CXX compiler: /usr/bin/c++ -- works
[1.512s] -- Detecting CXX compiler ABI info
[1.664s] -- Detecting CXX compiler ABI info - done
[1.686s] -- Detecting CXX compile features
[1.686s] -- Detecting CXX compile features - done
[1.688s] -- Check for working CUDA compiler: /usr/local/cuda/bin/nvcc
[2.839s] -- Check for working CUDA compiler: /usr/local/cuda/bin/nvcc -- works
[2.841s] -- Detecting CUDA compiler ABI info
[3.992s] -- Detecting CUDA compiler ABI info - done
[4.035s] CMake Error at CMakeLists.txt:8 (add_subdirectory):
[4.035s]   add_subdirectory given source
[4.035s]   "/home/kt/repos/mppi/src/mppi/submodules/MPPI-Generic" which is not an
[4.036s]   existing directory.
[4.036s] 
[4.036s] 
[4.036s] CMake Error at CMakeLists.txt:9 (include):
[4.036s]   include could not find load file:
[4.036s] 
[4.036s]     MPPIGenericToolsConfig
[4.036s] 
[4.037s] 
[4.045s] -- Found ament_cmake: 0.9.12 (/opt/ros/foxy/share/ament_cmake/cmake)
[4.097s] -- Found PythonInterp: /usr/bin/python3 (found suitable version "3.8.10", minimum required is "3") 
[4.097s] -- Using PYTHON_EXECUTABLE: /usr/bin/python3
[4.544s] -- Found ament_lint_auto: 0.9.8 (/opt/ros/foxy/share/ament_lint_auto/cmake)
[4.546s] CMake Error: File /home/kt/repos/mppi/src/mppi/package.xml does not exist.
[4.546s] CMake Error at /opt/ros/foxy/share/ament_cmake_core/cmake/core/stamp.cmake:24 (configure_file):
[4.546s]   configure_file Problem configuring file
[4.546s] Call Stack (most recent call first):
[4.547s]   /opt/ros/foxy/share/ament_cmake_core/cmake/core/ament_package_xml.cmake:73 (stamp)
[4.547s]   /opt/ros/foxy/share/ament_cmake_core/cmake/core/ament_package_xml.cmake:49 (_ament_package_xml)
[4.547s]   /opt/ros/foxy/share/ament_lint_auto/cmake/ament_lint_auto_find_test_dependencies.cmake:31 (ament_package_xml)
[4.547s]   CMakeLists.txt:47 (ament_lint_auto_find_test_dependencies)
[4.547s] 
[4.547s] 
[4.547s] CMake Error: File /home/kt/repos/mppi/src/mppi/package.xml does not exist.
[4.548s] CMake Error at /opt/ros/foxy/share/ament_cmake_core/cmake/core/stamp.cmake:24 (configure_file):
[4.548s]   configure_file Problem configuring file
[4.548s] Call Stack (most recent call first):
[4.548s]   /opt/ros/foxy/share/ament_cmake_core/cmake/core/ament_package_xml.cmake:73 (stamp)
[4.548s]   /opt/ros/foxy/share/ament_cmake_core/cmake/core/ament_package_xml.cmake:49 (_ament_package_xml)
[4.548s]   /opt/ros/foxy/share/ament_cmake_core/cmake/core/ament_package.cmake:63 (ament_package_xml)
[4.548s]   CMakeLists.txt:50 (ament_package)
[4.548s] 
[4.549s] 
[4.556s] -- Configuring incomplete, errors occurred!
[4.556s] See also "/home/kt/repos/mppi/build/mppi/CMakeFiles/CMakeOutput.log".
[4.568s] Invoked command in '/home/kt/repos/mppi/build/mppi' returned '1': /usr/bin/cmake /home/kt/repos/mppi/src/mppi -DCMAKE_INSTALL_PREFIX=/home/kt/repos/mppi/install/mppi
