[0.391s] DEBUG:colcon:Command line arguments: ['/usr/bin/colcon', 'build', '--symlink-install']
[0.392s] DEBUG:colcon:Parsed command line arguments: Namespace(allow_overriding=[], ament_cmake_args=None, base_paths=['.'], build_base='build', catkin_cmake_args=None, catkin_skip_building_tests=False, cmake_args=None, cmake_clean_cache=False, cmake_clean_first=False, cmake_force_configure=False, cmake_target=None, cmake_target_skip_unavailable=False, continue_on_error=False, event_handlers=None, executor='parallel', ignore_user_meta=False, install_base='install', log_base=None, log_level=None, main=<bound method BuildVerb.main of <colcon_core.verb.build.BuildVerb object at 0xffff935c95b0>>, merge_install=False, metas=['./colcon.meta'], packages_above=None, packages_above_and_dependencies=None, packages_above_depth=None, packages_end=None, packages_ignore=None, packages_ignore_regex=None, packages_select=None, packages_select_build_failed=False, packages_select_by_dep=None, packages_select_regex=None, packages_select_test_failures=False, packages_skip=None, packages_skip_build_finished=False, packages_skip_by_dep=None, packages_skip_regex=None, packages_skip_test_passed=False, packages_skip_up_to=None, packages_start=None, packages_up_to=None, packages_up_to_regex=None, parallel_workers=6, paths=None, symlink_install=True, test_result_base=None, verb_extension=<colcon_core.verb.build.BuildVerb object at 0xffff935c95b0>, verb_name='build', verb_parser=<colcon_defaults.argument_parser.defaults.DefaultArgumentsDecorator object at 0xffff935c9b20>)
[0.710s] Level 1:colcon.colcon_core.package_discovery:discover_packages(colcon_meta) check parameters
[0.710s] Level 1:colcon.colcon_core.package_discovery:discover_packages(recursive) check parameters
[0.710s] Level 1:colcon.colcon_core.package_discovery:discover_packages(ignore) check parameters
[0.711s] Level 1:colcon.colcon_core.package_discovery:discover_packages(path) check parameters
[0.711s] Level 1:colcon.colcon_core.package_discovery:discover_packages(colcon_meta) discover
[0.711s] Level 1:colcon.colcon_core.package_discovery:discover_packages(recursive) discover
[0.711s] INFO:colcon.colcon_core.package_discovery:Crawling recursively for packages in '/home/kt/repos/mppi'
[0.711s] Level 1:colcon.colcon_core.package_identification:_identify(.) by extensions ['ignore', 'ignore_ament_install']
[0.711s] Level 1:colcon.colcon_core.package_identification:_identify(.) by extension 'ignore'
[0.712s] Level 1:colcon.colcon_core.package_identification:_identify(.) by extension 'ignore_ament_install'
[0.712s] Level 1:colcon.colcon_core.package_identification:_identify(.) by extensions ['colcon_pkg']
[0.712s] Level 1:colcon.colcon_core.package_identification:_identify(.) by extension 'colcon_pkg'
[0.712s] Level 1:colcon.colcon_core.package_identification:_identify(.) by extensions ['colcon_meta']
[0.712s] Level 1:colcon.colcon_core.package_identification:_identify(.) by extension 'colcon_meta'
[0.712s] Level 1:colcon.colcon_core.package_identification:_identify(.) by extensions ['ros']
[0.712s] Level 1:colcon.colcon_core.package_identification:_identify(.) by extension 'ros'
[0.735s] Level 1:colcon.colcon_core.package_identification:_identify(.) by extensions ['cmake', 'python']
[0.736s] Level 1:colcon.colcon_core.package_identification:_identify(.) by extension 'cmake'
[0.736s] Level 1:colcon.colcon_core.package_identification:_identify(.) by extension 'python'
[0.736s] Level 1:colcon.colcon_core.package_identification:_identify(.) by extensions ['python_setup_py']
[0.736s] Level 1:colcon.colcon_core.package_identification:_identify(.) by extension 'python_setup_py'
[0.736s] Level 1:colcon.colcon_core.package_identification:_identify(build) by extensions ['ignore', 'ignore_ament_install']
[0.736s] Level 1:colcon.colcon_core.package_identification:_identify(build) by extension 'ignore'
[0.737s] Level 1:colcon.colcon_core.package_identification:_identify(build) ignored
[0.737s] Level 1:colcon.colcon_core.package_identification:_identify(install) by extensions ['ignore', 'ignore_ament_install']
[0.737s] Level 1:colcon.colcon_core.package_identification:_identify(install) by extension 'ignore'
[0.737s] Level 1:colcon.colcon_core.package_identification:_identify(install) ignored
[0.737s] Level 1:colcon.colcon_core.package_identification:_identify(log) by extensions ['ignore', 'ignore_ament_install']
[0.738s] Level 1:colcon.colcon_core.package_identification:_identify(log) by extension 'ignore'
[0.738s] Level 1:colcon.colcon_core.package_identification:_identify(log) ignored
[0.738s] Level 1:colcon.colcon_core.package_identification:_identify(src) by extensions ['ignore', 'ignore_ament_install']
[0.738s] Level 1:colcon.colcon_core.package_identification:_identify(src) by extension 'ignore'
[0.738s] Level 1:colcon.colcon_core.package_identification:_identify(src) by extension 'ignore_ament_install'
[0.738s] Level 1:colcon.colcon_core.package_identification:_identify(src) by extensions ['colcon_pkg']
[0.738s] Level 1:colcon.colcon_core.package_identification:_identify(src) by extension 'colcon_pkg'
[0.739s] Level 1:colcon.colcon_core.package_identification:_identify(src) by extensions ['colcon_meta']
[0.739s] Level 1:colcon.colcon_core.package_identification:_identify(src) by extension 'colcon_meta'
[0.739s] Level 1:colcon.colcon_core.package_identification:_identify(src) by extensions ['ros']
[0.739s] Level 1:colcon.colcon_core.package_identification:_identify(src) by extension 'ros'
[0.739s] Level 1:colcon.colcon_core.package_identification:_identify(src) by extensions ['cmake', 'python']
[0.739s] Level 1:colcon.colcon_core.package_identification:_identify(src) by extension 'cmake'
[0.739s] Level 1:colcon.colcon_core.package_identification:_identify(src) by extension 'python'
[0.739s] Level 1:colcon.colcon_core.package_identification:_identify(src) by extensions ['python_setup_py']
[0.739s] Level 1:colcon.colcon_core.package_identification:_identify(src) by extension 'python_setup_py'
[0.740s] Level 1:colcon.colcon_core.package_identification:_identify(src/mppi) by extensions ['ignore', 'ignore_ament_install']
[0.740s] Level 1:colcon.colcon_core.package_identification:_identify(src/mppi) by extension 'ignore'
[0.740s] Level 1:colcon.colcon_core.package_identification:_identify(src/mppi) by extension 'ignore_ament_install'
[0.740s] Level 1:colcon.colcon_core.package_identification:_identify(src/mppi) by extensions ['colcon_pkg']
[0.740s] Level 1:colcon.colcon_core.package_identification:_identify(src/mppi) by extension 'colcon_pkg'
[0.740s] Level 1:colcon.colcon_core.package_identification:_identify(src/mppi) by extensions ['colcon_meta']
[0.740s] Level 1:colcon.colcon_core.package_identification:_identify(src/mppi) by extension 'colcon_meta'
[0.740s] Level 1:colcon.colcon_core.package_identification:_identify(src/mppi) by extensions ['ros']
[0.741s] Level 1:colcon.colcon_core.package_identification:_identify(src/mppi) by extension 'ros'
[0.745s] DEBUG:colcon.colcon_core.package_identification:Package 'src/mppi' with type 'ros.ament_cmake' and name 'mppi'
[0.745s] Level 1:colcon.colcon_core.package_discovery:discover_packages(recursive) using defaults
[0.745s] Level 1:colcon.colcon_core.package_discovery:discover_packages(ignore) discover
[0.746s] Level 1:colcon.colcon_core.package_discovery:discover_packages(ignore) using defaults
[0.746s] Level 1:colcon.colcon_core.package_discovery:discover_packages(path) discover
[0.746s] Level 1:colcon.colcon_core.package_discovery:discover_packages(path) using defaults
[0.777s] Level 1:colcon.colcon_core.package_discovery:discover_packages(prefix_path) check parameters
[0.777s] Level 1:colcon.colcon_core.package_discovery:discover_packages(prefix_path) discover
[0.782s] DEBUG:colcon.colcon_installed_package_information.package_discovery:Found 314 installed packages in /opt/ros/foxy
[0.785s] Level 1:colcon.colcon_core.package_discovery:discover_packages(prefix_path) using defaults
[0.947s] Level 5:colcon.colcon_core.verb:set package 'mppi' build argument 'cmake_args' from command line to 'None'
[0.947s] Level 5:colcon.colcon_core.verb:set package 'mppi' build argument 'cmake_target' from command line to 'None'
[0.947s] Level 5:colcon.colcon_core.verb:set package 'mppi' build argument 'cmake_target_skip_unavailable' from command line to 'False'
[0.947s] Level 5:colcon.colcon_core.verb:set package 'mppi' build argument 'cmake_clean_cache' from command line to 'False'
[0.947s] Level 5:colcon.colcon_core.verb:set package 'mppi' build argument 'cmake_clean_first' from command line to 'False'
[0.947s] Level 5:colcon.colcon_core.verb:set package 'mppi' build argument 'cmake_force_configure' from command line to 'False'
[0.948s] Level 5:colcon.colcon_core.verb:set package 'mppi' build argument 'ament_cmake_args' from command line to 'None'
[0.948s] Level 5:colcon.colcon_core.verb:set package 'mppi' build argument 'catkin_cmake_args' from command line to 'None'
[0.948s] Level 5:colcon.colcon_core.verb:set package 'mppi' build argument 'catkin_skip_building_tests' from command line to 'False'
[0.948s] DEBUG:colcon.colcon_core.verb:Building package 'mppi' with the following arguments: {'ament_cmake_args': None, 'build_base': '/home/kt/repos/mppi/build/mppi', 'catkin_cmake_args': None, 'catkin_skip_building_tests': False, 'cmake_args': None, 'cmake_clean_cache': False, 'cmake_clean_first': False, 'cmake_force_configure': False, 'cmake_target': None, 'cmake_target_skip_unavailable': False, 'install_base': '/home/kt/repos/mppi/install/mppi', 'merge_install': False, 'path': '/home/kt/repos/mppi/src/mppi', 'symlink_install': True, 'test_result_base': None}
[0.948s] INFO:colcon.colcon_core.executor:Executing jobs using 'parallel' executor
[0.950s] DEBUG:colcon.colcon_parallel_executor.executor.parallel:run_until_complete
[0.951s] INFO:colcon.colcon_ros.task.ament_cmake.build:Building ROS package in '/home/kt/repos/mppi/src/mppi' with build type 'ament_cmake'
[0.952s] INFO:colcon.colcon_cmake.task.cmake.build:Building CMake package in '/home/kt/repos/mppi/src/mppi'
[0.956s] INFO:colcon.colcon_core.plugin_system:Skipping extension 'colcon_core.shell.bat': Not used on non-Windows systems
[0.956s] INFO:colcon.colcon_core.shell:Skip shell extension 'powershell' for command environment: Not usable outside of PowerShell
[0.956s] DEBUG:colcon.colcon_core.shell:Skip shell extension 'dsv' for command environment
[0.974s] DEBUG:colcon.colcon_core.event_handler.log_command:Invoking command in '/home/kt/repos/mppi/build/mppi': CMAKE_PREFIX_PATH=/opt/ros/foxy /usr/bin/cmake /home/kt/repos/mppi/src/mppi -DAMENT_CMAKE_SYMLINK_INSTALL=1 -DCMAKE_INSTALL_PREFIX=/home/kt/repos/mppi/install/mppi
[4.245s] DEBUG:colcon.colcon_core.event_handler.log_command:Invoked command in '/home/kt/repos/mppi/build/mppi' returned '0': CMAKE_PREFIX_PATH=/opt/ros/foxy /usr/bin/cmake /home/kt/repos/mppi/src/mppi -DAMENT_CMAKE_SYMLINK_INSTALL=1 -DCMAKE_INSTALL_PREFIX=/home/kt/repos/mppi/install/mppi
[4.255s] DEBUG:colcon.colcon_core.event_handler.log_command:Invoking command in '/home/kt/repos/mppi/build/mppi': CMAKE_PREFIX_PATH=/opt/ros/foxy /usr/bin/cmake --build /home/kt/repos/mppi/build/mppi -- -j6 -l6
[17.182s] DEBUG:colcon.colcon_core.event_handler.log_command:Invoked command in '/home/kt/repos/mppi/build/mppi' returned '2': CMAKE_PREFIX_PATH=/opt/ros/foxy /usr/bin/cmake --build /home/kt/repos/mppi/build/mppi -- -j6 -l6
[17.184s] Level 1:colcon.colcon_core.environment:create_environment_scripts_only(mppi)
[17.194s] Level 1:colcon.colcon_core.environment:checking '/home/kt/repos/mppi/install/mppi' for CMake module files
[17.195s] Level 1:colcon.colcon_core.environment:checking '/home/kt/repos/mppi/install/mppi' for CMake config files
[17.197s] Level 1:colcon.colcon_core.environment:checking '/home/kt/repos/mppi/install/mppi/bin'
[17.197s] Level 1:colcon.colcon_core.environment:checking '/home/kt/repos/mppi/install/mppi/lib/pkgconfig/mppi.pc'
[17.198s] Level 1:colcon.colcon_core.environment:checking '/home/kt/repos/mppi/install/mppi/lib/python3.8/site-packages'
[17.199s] Level 1:colcon.colcon_core.environment:checking '/home/kt/repos/mppi/install/mppi/bin'
[17.200s] INFO:colcon.colcon_core.shell:Creating package script '/home/kt/repos/mppi/install/mppi/share/mppi/package.ps1'
[17.203s] INFO:colcon.colcon_core.shell:Creating package descriptor '/home/kt/repos/mppi/install/mppi/share/mppi/package.dsv'
[17.205s] INFO:colcon.colcon_core.shell:Creating package script '/home/kt/repos/mppi/install/mppi/share/mppi/package.sh'
[17.207s] INFO:colcon.colcon_core.shell:Creating package script '/home/kt/repos/mppi/install/mppi/share/mppi/package.bash'
[17.209s] INFO:colcon.colcon_core.shell:Creating package script '/home/kt/repos/mppi/install/mppi/share/mppi/package.zsh'
[17.211s] Level 1:colcon.colcon_core.environment:create_file_with_runtime_dependencies(/home/kt/repos/mppi/install/mppi/share/colcon-core/packages/mppi)
[17.222s] DEBUG:colcon.colcon_parallel_executor.executor.parallel:closing loop
[17.223s] DEBUG:colcon.colcon_parallel_executor.executor.parallel:loop closed
[17.223s] DEBUG:colcon.colcon_parallel_executor.executor.parallel:run_until_complete finished with '2'
[17.223s] DEBUG:colcon.colcon_core.event_reactor:joining thread
[17.243s] INFO:colcon.colcon_core.plugin_system:Skipping extension 'colcon_notification.desktop_notification.terminal_notifier': Not used on non-Darwin systems
[17.243s] INFO:colcon.colcon_core.plugin_system:Skipping extension 'colcon_notification.desktop_notification.win32': Not used on non-Windows systems
[17.243s] INFO:colcon.colcon_notification.desktop_notification:Sending desktop notification using 'notify2'
[17.269s] DEBUG:colcon.colcon_notification.desktop_notification.notify2:Failed to initialize notify2: org.freedesktop.DBus.Error.Spawn.ChildExited: Process org.freedesktop.Notifications exited with status 1
[17.269s] DEBUG:colcon.colcon_core.event_reactor:joined thread
[17.271s] INFO:colcon.colcon_core.shell:Creating prefix script '/home/kt/repos/mppi/install/local_setup.ps1'
[17.274s] INFO:colcon.colcon_core.shell:Creating prefix util module '/home/kt/repos/mppi/install/_local_setup_util_ps1.py'
[17.279s] INFO:colcon.colcon_core.shell:Creating prefix chain script '/home/kt/repos/mppi/install/setup.ps1'
[17.282s] INFO:colcon.colcon_core.shell:Creating prefix script '/home/kt/repos/mppi/install/local_setup.sh'
[17.284s] INFO:colcon.colcon_core.shell:Creating prefix util module '/home/kt/repos/mppi/install/_local_setup_util_sh.py'
[17.286s] INFO:colcon.colcon_core.shell:Creating prefix chain script '/home/kt/repos/mppi/install/setup.sh'
[17.289s] INFO:colcon.colcon_core.shell:Creating prefix script '/home/kt/repos/mppi/install/local_setup.bash'
[17.290s] INFO:colcon.colcon_core.shell:Creating prefix chain script '/home/kt/repos/mppi/install/setup.bash'
[17.293s] INFO:colcon.colcon_core.shell:Creating prefix script '/home/kt/repos/mppi/install/local_setup.zsh'
[17.294s] INFO:colcon.colcon_core.shell:Creating prefix chain script '/home/kt/repos/mppi/install/setup.zsh'
