-- Autodetected CUDA architecture(s):  8.7
-- CUDA Architecture(s): -gencode=arch=compute_87,code=sm_87
-- Autodetected CUDA architecture(s):  8.7
-- CUDA Architecture(s): -gencode=arch=compute_87,code=sm_87
-- Found ament_cmake: 0.9.12 (/opt/ros/foxy/share/ament_cmake/cmake)
-- Using PYTHON_EXECUTABLE: /usr/bin/python3
-- Override CMake install command with custom implementation using symlinks instead of copying resources
-- Found ament_lint_auto: 0.9.8 (/opt/ros/foxy/share/ament_lint_auto/cmake)
-- Added test 'copyright' to check source files copyright and LICENSE
-- Added test 'cppcheck' to perform static code analysis on C / C++ code
-- Configured cppcheck include dirs: $<BUILD_INTERFACE:/home/kt/repos/mppi/src/mppi/include>
-- Configured cppcheck exclude dirs and/or files: 
-- Added test 'cpplint' to check C / C++ code against the Google style
-- Configured cpplint exclude dirs and/or files: 
-- Added test 'flake8' to check Python code syntax and style conventions
-- Added test 'lint_cmake' to check CMake code style
-- Added test 'pep257' to check Python code against some of the style conventions in PEP 257
-- Added test 'uncrustify' to check C / C++ code style
-- Configured uncrustify additional arguments: 
-- Added test 'xmllint' to check XML markup files
-- Configuring done
-- Generating done
-- Build files have been written to: /home/kt/repos/mppi/build/mppi
[35m[1mScanning dependencies of target cnpy[0m
[35m[1mScanning dependencies of target cnpy-static[0m
[ 25%] [32mBuilding CXX object submodules/MPPI-Generic/submodules/cnpy/CMakeFiles/cnpy-static.dir/cnpy.cpp.o[0m
[ 25%] [32mBuilding CXX object submodules/MPPI-Generic/submodules/cnpy/CMakeFiles/cnpy.dir/cnpy.cpp.o[0m
[ 37%] [32m[1mLinking CXX static library libcnpy.a[0m
[ 50%] [32m[1mLinking CXX shared library ../../lib/libcnpy.so[0m
[ 50%] Built target cnpy-static
[ 50%] Built target cnpy
[35m[1mScanning dependencies of target mppi_node[0m
[35m[1mScanning dependencies of target example1[0m
[ 62%] [32mBuilding CXX object submodules/MPPI-Generic/submodules/cnpy/CMakeFiles/example1.dir/example1.cpp.o[0m
[ 75%] [32mBuilding CUDA object CMakeFiles/mppi_node.dir/src/mppi_node.cu.o[0m
[ 87%] [32m[1mLinking CXX executable example1[0m
[ 87%] Built target example1
