[0.394s] DEBUG:colcon:Command line arguments: ['/usr/bin/colcon', 'build', '--symlink-install']
[0.395s] DEBUG:colcon:Parsed command line arguments: Namespace(allow_overriding=[], ament_cmake_args=None, base_paths=['.'], build_base='build', catkin_cmake_args=None, catkin_skip_building_tests=False, cmake_args=None, cmake_clean_cache=False, cmake_clean_first=False, cmake_force_configure=False, cmake_target=None, cmake_target_skip_unavailable=False, continue_on_error=False, event_handlers=None, executor='parallel', ignore_user_meta=False, install_base='install', log_base=None, log_level=None, main=<bound method BuildVerb.main of <colcon_core.verb.build.BuildVerb object at 0xffffa6d74580>>, merge_install=False, metas=['./colcon.meta'], packages_above=None, packages_above_and_dependencies=None, packages_above_depth=None, packages_end=None, packages_ignore=None, packages_ignore_regex=None, packages_select=None, packages_select_build_failed=False, packages_select_by_dep=None, packages_select_regex=None, packages_select_test_failures=False, packages_skip=None, packages_skip_build_finished=False, packages_skip_by_dep=None, packages_skip_regex=None, packages_skip_test_passed=False, packages_skip_up_to=None, packages_start=None, packages_up_to=None, packages_up_to_regex=None, parallel_workers=6, paths=None, symlink_install=True, test_result_base=None, verb_extension=<colcon_core.verb.build.BuildVerb object at 0xffffa6d74580>, verb_name='build', verb_parser=<colcon_defaults.argument_parser.defaults.DefaultArgumentsDecorator object at 0xffffa6d74af0>)
[0.714s] Level 1:colcon.colcon_core.package_discovery:discover_packages(colcon_meta) check parameters
[0.714s] Level 1:colcon.colcon_core.package_discovery:discover_packages(recursive) check parameters
[0.714s] Level 1:colcon.colcon_core.package_discovery:discover_packages(ignore) check parameters
[0.714s] Level 1:colcon.colcon_core.package_discovery:discover_packages(path) check parameters
[0.715s] Level 1:colcon.colcon_core.package_discovery:discover_packages(colcon_meta) discover
[0.715s] Level 1:colcon.colcon_core.package_discovery:discover_packages(recursive) discover
[0.715s] INFO:colcon.colcon_core.package_discovery:Crawling recursively for packages in '/home/kt/repos/mppi'
[0.715s] Level 1:colcon.colcon_core.package_identification:_identify(.) by extensions ['ignore', 'ignore_ament_install']
[0.715s] Level 1:colcon.colcon_core.package_identification:_identify(.) by extension 'ignore'
[0.715s] Level 1:colcon.colcon_core.package_identification:_identify(.) by extension 'ignore_ament_install'
[0.716s] Level 1:colcon.colcon_core.package_identification:_identify(.) by extensions ['colcon_pkg']
[0.716s] Level 1:colcon.colcon_core.package_identification:_identify(.) by extension 'colcon_pkg'
[0.716s] Level 1:colcon.colcon_core.package_identification:_identify(.) by extensions ['colcon_meta']
[0.716s] Level 1:colcon.colcon_core.package_identification:_identify(.) by extension 'colcon_meta'
[0.716s] Level 1:colcon.colcon_core.package_identification:_identify(.) by extensions ['ros']
[0.716s] Level 1:colcon.colcon_core.package_identification:_identify(.) by extension 'ros'
[0.740s] Level 1:colcon.colcon_core.package_identification:_identify(.) by extensions ['cmake', 'python']
[0.740s] Level 1:colcon.colcon_core.package_identification:_identify(.) by extension 'cmake'
[0.740s] Level 1:colcon.colcon_core.package_identification:_identify(.) by extension 'python'
[0.740s] Level 1:colcon.colcon_core.package_identification:_identify(.) by extensions ['python_setup_py']
[0.740s] Level 1:colcon.colcon_core.package_identification:_identify(.) by extension 'python_setup_py'
[0.741s] Level 1:colcon.colcon_core.package_identification:_identify(build) by extensions ['ignore', 'ignore_ament_install']
[0.741s] Level 1:colcon.colcon_core.package_identification:_identify(build) by extension 'ignore'
[0.741s] Level 1:colcon.colcon_core.package_identification:_identify(build) ignored
[0.741s] Level 1:colcon.colcon_core.package_identification:_identify(install) by extensions ['ignore', 'ignore_ament_install']
[0.742s] Level 1:colcon.colcon_core.package_identification:_identify(install) by extension 'ignore'
[0.742s] Level 1:colcon.colcon_core.package_identification:_identify(install) ignored
[0.742s] Level 1:colcon.colcon_core.package_identification:_identify(log) by extensions ['ignore', 'ignore_ament_install']
[0.742s] Level 1:colcon.colcon_core.package_identification:_identify(log) by extension 'ignore'
[0.742s] Level 1:colcon.colcon_core.package_identification:_identify(log) ignored
[0.742s] Level 1:colcon.colcon_core.package_identification:_identify(src) by extensions ['ignore', 'ignore_ament_install']
[0.743s] Level 1:colcon.colcon_core.package_identification:_identify(src) by extension 'ignore'
[0.743s] Level 1:colcon.colcon_core.package_identification:_identify(src) by extension 'ignore_ament_install'
[0.743s] Level 1:colcon.colcon_core.package_identification:_identify(src) by extensions ['colcon_pkg']
[0.743s] Level 1:colcon.colcon_core.package_identification:_identify(src) by extension 'colcon_pkg'
[0.743s] Level 1:colcon.colcon_core.package_identification:_identify(src) by extensions ['colcon_meta']
[0.743s] Level 1:colcon.colcon_core.package_identification:_identify(src) by extension 'colcon_meta'
[0.743s] Level 1:colcon.colcon_core.package_identification:_identify(src) by extensions ['ros']
[0.743s] Level 1:colcon.colcon_core.package_identification:_identify(src) by extension 'ros'
[0.743s] Level 1:colcon.colcon_core.package_identification:_identify(src) by extensions ['cmake', 'python']
[0.743s] Level 1:colcon.colcon_core.package_identification:_identify(src) by extension 'cmake'
[0.744s] Level 1:colcon.colcon_core.package_identification:_identify(src) by extension 'python'
[0.744s] Level 1:colcon.colcon_core.package_identification:_identify(src) by extensions ['python_setup_py']
[0.744s] Level 1:colcon.colcon_core.package_identification:_identify(src) by extension 'python_setup_py'
[0.744s] Level 1:colcon.colcon_core.package_identification:_identify(src/mppi) by extensions ['ignore', 'ignore_ament_install']
[0.744s] Level 1:colcon.colcon_core.package_identification:_identify(src/mppi) by extension 'ignore'
[0.744s] Level 1:colcon.colcon_core.package_identification:_identify(src/mppi) by extension 'ignore_ament_install'
[0.744s] Level 1:colcon.colcon_core.package_identification:_identify(src/mppi) by extensions ['colcon_pkg']
[0.745s] Level 1:colcon.colcon_core.package_identification:_identify(src/mppi) by extension 'colcon_pkg'
[0.745s] Level 1:colcon.colcon_core.package_identification:_identify(src/mppi) by extensions ['colcon_meta']
[0.745s] Level 1:colcon.colcon_core.package_identification:_identify(src/mppi) by extension 'colcon_meta'
[0.745s] Level 1:colcon.colcon_core.package_identification:_identify(src/mppi) by extensions ['ros']
[0.745s] Level 1:colcon.colcon_core.package_identification:_identify(src/mppi) by extension 'ros'
[0.750s] DEBUG:colcon.colcon_core.package_identification:Package 'src/mppi' with type 'ros.ament_cmake' and name 'mppi'
[0.750s] Level 1:colcon.colcon_core.package_discovery:discover_packages(recursive) using defaults
[0.750s] Level 1:colcon.colcon_core.package_discovery:discover_packages(ignore) discover
[0.751s] Level 1:colcon.colcon_core.package_discovery:discover_packages(ignore) using defaults
[0.751s] Level 1:colcon.colcon_core.package_discovery:discover_packages(path) discover
[0.751s] Level 1:colcon.colcon_core.package_discovery:discover_packages(path) using defaults
[0.781s] Level 1:colcon.colcon_core.package_discovery:discover_packages(prefix_path) check parameters
[0.782s] Level 1:colcon.colcon_core.package_discovery:discover_packages(prefix_path) discover
[0.785s] DEBUG:colcon.colcon_installed_package_information.package_discovery:Found 2 installed packages in /home/kt/repos/mppi/install
[0.788s] DEBUG:colcon.colcon_installed_package_information.package_discovery:Found 314 installed packages in /opt/ros/foxy
[0.793s] Level 1:colcon.colcon_core.package_discovery:discover_packages(prefix_path) using defaults
[0.955s] Level 5:colcon.colcon_core.verb:set package 'mppi' build argument 'cmake_args' from command line to 'None'
[0.955s] Level 5:colcon.colcon_core.verb:set package 'mppi' build argument 'cmake_target' from command line to 'None'
[0.955s] Level 5:colcon.colcon_core.verb:set package 'mppi' build argument 'cmake_target_skip_unavailable' from command line to 'False'
[0.956s] Level 5:colcon.colcon_core.verb:set package 'mppi' build argument 'cmake_clean_cache' from command line to 'False'
[0.956s] Level 5:colcon.colcon_core.verb:set package 'mppi' build argument 'cmake_clean_first' from command line to 'False'
[0.956s] Level 5:colcon.colcon_core.verb:set package 'mppi' build argument 'cmake_force_configure' from command line to 'False'
[0.956s] Level 5:colcon.colcon_core.verb:set package 'mppi' build argument 'ament_cmake_args' from command line to 'None'
[0.956s] Level 5:colcon.colcon_core.verb:set package 'mppi' build argument 'catkin_cmake_args' from command line to 'None'
[0.956s] Level 5:colcon.colcon_core.verb:set package 'mppi' build argument 'catkin_skip_building_tests' from command line to 'False'
[0.956s] DEBUG:colcon.colcon_core.verb:Building package 'mppi' with the following arguments: {'ament_cmake_args': None, 'build_base': '/home/kt/repos/mppi/build/mppi', 'catkin_cmake_args': None, 'catkin_skip_building_tests': False, 'cmake_args': None, 'cmake_clean_cache': False, 'cmake_clean_first': False, 'cmake_force_configure': False, 'cmake_target': None, 'cmake_target_skip_unavailable': False, 'install_base': '/home/kt/repos/mppi/install/mppi', 'merge_install': False, 'path': '/home/kt/repos/mppi/src/mppi', 'symlink_install': True, 'test_result_base': None}
[0.956s] INFO:colcon.colcon_core.executor:Executing jobs using 'parallel' executor
[0.959s] DEBUG:colcon.colcon_parallel_executor.executor.parallel:run_until_complete
[0.959s] INFO:colcon.colcon_ros.task.ament_cmake.build:Building ROS package in '/home/kt/repos/mppi/src/mppi' with build type 'ament_cmake'
[0.960s] INFO:colcon.colcon_cmake.task.cmake.build:Building CMake package in '/home/kt/repos/mppi/src/mppi'
[0.964s] INFO:colcon.colcon_core.plugin_system:Skipping extension 'colcon_core.shell.bat': Not used on non-Windows systems
[0.964s] INFO:colcon.colcon_core.shell:Skip shell extension 'powershell' for command environment: Not usable outside of PowerShell
[0.964s] DEBUG:colcon.colcon_core.shell:Skip shell extension 'dsv' for command environment
[0.983s] DEBUG:colcon.colcon_core.event_handler.log_command:Invoking command in '/home/kt/repos/mppi/build/mppi': CMAKE_PREFIX_PATH=${CMAKE_PREFIX_PATH}:/opt/ros/foxy /usr/bin/cmake --build /home/kt/repos/mppi/build/mppi -- -j6 -l6
[103.427s] DEBUG:colcon.colcon_core.event_handler.log_command:Invoked command in '/home/kt/repos/mppi/build/mppi' returned '0': CMAKE_PREFIX_PATH=${CMAKE_PREFIX_PATH}:/opt/ros/foxy /usr/bin/cmake --build /home/kt/repos/mppi/build/mppi -- -j6 -l6
[103.457s] DEBUG:colcon.colcon_core.event_handler.log_command:Invoking command in '/home/kt/repos/mppi/build/mppi': CMAKE_PREFIX_PATH=${CMAKE_PREFIX_PATH}:/opt/ros/foxy /usr/bin/cmake --install /home/kt/repos/mppi/build/mppi
[103.534s] Level 1:colcon.colcon_core.environment:create_environment_scripts_only(mppi)
[103.553s] Level 1:colcon.colcon_core.environment:checking '/home/kt/repos/mppi/install/mppi' for CMake module files
[103.555s] Level 1:colcon.colcon_core.environment:checking '/home/kt/repos/mppi/install/mppi' for CMake config files
[103.557s] Level 1:colcon.colcon_core.shell:create_environment_hook('mppi', 'cmake_prefix_path')
[103.558s] INFO:colcon.colcon_core.shell:Creating environment hook '/home/kt/repos/mppi/install/mppi/share/mppi/hook/cmake_prefix_path.ps1'
[103.560s] INFO:colcon.colcon_core.shell:Creating environment descriptor '/home/kt/repos/mppi/install/mppi/share/mppi/hook/cmake_prefix_path.dsv'
[103.562s] INFO:colcon.colcon_core.shell:Creating environment hook '/home/kt/repos/mppi/install/mppi/share/mppi/hook/cmake_prefix_path.sh'
[103.565s] DEBUG:colcon.colcon_core.event_handler.log_command:Invoked command in '/home/kt/repos/mppi/build/mppi' returned '0': CMAKE_PREFIX_PATH=${CMAKE_PREFIX_PATH}:/opt/ros/foxy /usr/bin/cmake --install /home/kt/repos/mppi/build/mppi
[103.565s] Level 1:colcon.colcon_core.environment:checking '/home/kt/repos/mppi/install/mppi/lib'
[103.566s] Level 1:colcon.colcon_core.environment:checking '/home/kt/repos/mppi/install/mppi/bin'
[103.566s] Level 1:colcon.colcon_core.shell:create_environment_hook('mppi', 'path')
[103.566s] INFO:colcon.colcon_core.shell:Creating environment hook '/home/kt/repos/mppi/install/mppi/share/mppi/hook/path.ps1'
[103.568s] INFO:colcon.colcon_core.shell:Creating environment descriptor '/home/kt/repos/mppi/install/mppi/share/mppi/hook/path.dsv'
[103.568s] INFO:colcon.colcon_core.shell:Creating environment hook '/home/kt/repos/mppi/install/mppi/share/mppi/hook/path.sh'
[103.569s] Level 1:colcon.colcon_core.environment:checking '/home/kt/repos/mppi/install/mppi/lib/pkgconfig/mppi.pc'
[103.570s] Level 1:colcon.colcon_core.environment:checking '/home/kt/repos/mppi/install/mppi/lib/python3.8/site-packages'
[103.570s] Level 1:colcon.colcon_core.environment:checking '/home/kt/repos/mppi/install/mppi/bin'
[103.570s] Level 1:colcon.colcon_core.shell:create_environment_hook('mppi', 'pythonscriptspath')
[103.571s] INFO:colcon.colcon_core.shell:Creating environment hook '/home/kt/repos/mppi/install/mppi/share/mppi/hook/pythonscriptspath.ps1'
[103.572s] INFO:colcon.colcon_core.shell:Creating environment descriptor '/home/kt/repos/mppi/install/mppi/share/mppi/hook/pythonscriptspath.dsv'
[103.573s] INFO:colcon.colcon_core.shell:Creating environment hook '/home/kt/repos/mppi/install/mppi/share/mppi/hook/pythonscriptspath.sh'
[103.574s] INFO:colcon.colcon_core.shell:Creating package script '/home/kt/repos/mppi/install/mppi/share/mppi/package.ps1'
[103.576s] INFO:colcon.colcon_core.shell:Creating package descriptor '/home/kt/repos/mppi/install/mppi/share/mppi/package.dsv'
[103.578s] INFO:colcon.colcon_core.shell:Creating package script '/home/kt/repos/mppi/install/mppi/share/mppi/package.sh'
[103.579s] INFO:colcon.colcon_core.shell:Creating package script '/home/kt/repos/mppi/install/mppi/share/mppi/package.bash'
[103.581s] INFO:colcon.colcon_core.shell:Creating package script '/home/kt/repos/mppi/install/mppi/share/mppi/package.zsh'
[103.583s] Level 1:colcon.colcon_core.environment:create_file_with_runtime_dependencies(/home/kt/repos/mppi/install/mppi/share/colcon-core/packages/mppi)
[103.585s] Level 1:colcon.colcon_core.environment:create_environment_scripts_only(mppi)
[103.585s] Level 1:colcon.colcon_core.environment:checking '/home/kt/repos/mppi/install/mppi' for CMake module files
[103.586s] Level 1:colcon.colcon_core.environment:checking '/home/kt/repos/mppi/install/mppi' for CMake config files
[103.587s] Level 1:colcon.colcon_core.shell:create_environment_hook('mppi', 'cmake_prefix_path')
[103.587s] INFO:colcon.colcon_core.shell:Creating environment hook '/home/kt/repos/mppi/install/mppi/share/mppi/hook/cmake_prefix_path.ps1'
[103.588s] INFO:colcon.colcon_core.shell:Creating environment descriptor '/home/kt/repos/mppi/install/mppi/share/mppi/hook/cmake_prefix_path.dsv'
[103.589s] INFO:colcon.colcon_core.shell:Creating environment hook '/home/kt/repos/mppi/install/mppi/share/mppi/hook/cmake_prefix_path.sh'
[103.590s] Level 1:colcon.colcon_core.environment:checking '/home/kt/repos/mppi/install/mppi/lib'
[103.590s] Level 1:colcon.colcon_core.environment:checking '/home/kt/repos/mppi/install/mppi/bin'
[103.590s] Level 1:colcon.colcon_core.shell:create_environment_hook('mppi', 'path')
[103.591s] INFO:colcon.colcon_core.shell:Creating environment hook '/home/kt/repos/mppi/install/mppi/share/mppi/hook/path.ps1'
[103.591s] INFO:colcon.colcon_core.shell:Creating environment descriptor '/home/kt/repos/mppi/install/mppi/share/mppi/hook/path.dsv'
[103.592s] INFO:colcon.colcon_core.shell:Creating environment hook '/home/kt/repos/mppi/install/mppi/share/mppi/hook/path.sh'
[103.593s] Level 1:colcon.colcon_core.environment:checking '/home/kt/repos/mppi/install/mppi/lib/pkgconfig/mppi.pc'
[103.593s] Level 1:colcon.colcon_core.environment:checking '/home/kt/repos/mppi/install/mppi/lib/python3.8/site-packages'
[103.594s] Level 1:colcon.colcon_core.environment:checking '/home/kt/repos/mppi/install/mppi/bin'
[103.594s] Level 1:colcon.colcon_core.shell:create_environment_hook('mppi', 'pythonscriptspath')
[103.594s] INFO:colcon.colcon_core.shell:Creating environment hook '/home/kt/repos/mppi/install/mppi/share/mppi/hook/pythonscriptspath.ps1'
[103.595s] INFO:colcon.colcon_core.shell:Creating environment descriptor '/home/kt/repos/mppi/install/mppi/share/mppi/hook/pythonscriptspath.dsv'
[103.596s] INFO:colcon.colcon_core.shell:Creating environment hook '/home/kt/repos/mppi/install/mppi/share/mppi/hook/pythonscriptspath.sh'
[103.597s] INFO:colcon.colcon_core.shell:Creating package script '/home/kt/repos/mppi/install/mppi/share/mppi/package.ps1'
[103.598s] INFO:colcon.colcon_core.shell:Creating package descriptor '/home/kt/repos/mppi/install/mppi/share/mppi/package.dsv'
[103.599s] INFO:colcon.colcon_core.shell:Creating package script '/home/kt/repos/mppi/install/mppi/share/mppi/package.sh'
[103.600s] INFO:colcon.colcon_core.shell:Creating package script '/home/kt/repos/mppi/install/mppi/share/mppi/package.bash'
[103.601s] INFO:colcon.colcon_core.shell:Creating package script '/home/kt/repos/mppi/install/mppi/share/mppi/package.zsh'
[103.602s] Level 1:colcon.colcon_core.environment:create_file_with_runtime_dependencies(/home/kt/repos/mppi/install/mppi/share/colcon-core/packages/mppi)
[103.602s] DEBUG:colcon.colcon_parallel_executor.executor.parallel:closing loop
[103.603s] DEBUG:colcon.colcon_parallel_executor.executor.parallel:loop closed
[103.603s] DEBUG:colcon.colcon_parallel_executor.executor.parallel:run_until_complete finished with '0'
[103.604s] DEBUG:colcon.colcon_core.event_reactor:joining thread
[103.623s] INFO:colcon.colcon_core.plugin_system:Skipping extension 'colcon_notification.desktop_notification.terminal_notifier': Not used on non-Darwin systems
[103.623s] INFO:colcon.colcon_core.plugin_system:Skipping extension 'colcon_notification.desktop_notification.win32': Not used on non-Windows systems
[103.623s] INFO:colcon.colcon_notification.desktop_notification:Sending desktop notification using 'notify2'
[103.668s] DEBUG:colcon.colcon_notification.desktop_notification.notify2:Failed to initialize notify2: org.freedesktop.DBus.Error.Spawn.ChildExited: Process org.freedesktop.Notifications exited with status 1
[103.669s] DEBUG:colcon.colcon_core.event_reactor:joined thread
[103.670s] INFO:colcon.colcon_core.shell:Creating prefix script '/home/kt/repos/mppi/install/local_setup.ps1'
[103.672s] INFO:colcon.colcon_core.shell:Creating prefix util module '/home/kt/repos/mppi/install/_local_setup_util_ps1.py'
[103.676s] INFO:colcon.colcon_core.shell:Creating prefix chain script '/home/kt/repos/mppi/install/setup.ps1'
[103.678s] INFO:colcon.colcon_core.shell:Creating prefix script '/home/kt/repos/mppi/install/local_setup.sh'
[103.680s] INFO:colcon.colcon_core.shell:Creating prefix util module '/home/kt/repos/mppi/install/_local_setup_util_sh.py'
[103.681s] INFO:colcon.colcon_core.shell:Creating prefix chain script '/home/kt/repos/mppi/install/setup.sh'
[103.683s] INFO:colcon.colcon_core.shell:Creating prefix script '/home/kt/repos/mppi/install/local_setup.bash'
[103.685s] INFO:colcon.colcon_core.shell:Creating prefix chain script '/home/kt/repos/mppi/install/setup.bash'
[103.687s] INFO:colcon.colcon_core.shell:Creating prefix script '/home/kt/repos/mppi/install/local_setup.zsh'
[103.688s] INFO:colcon.colcon_core.shell:Creating prefix chain script '/home/kt/repos/mppi/install/setup.zsh'
