-- Autodetected CUDA architecture(s):  8.7
-- CUDA Architecture(s): -gencode=arch=compute_87,code=sm_87
-- Autodetected CUDA architecture(s):  8.7
-- CUDA Architecture(s): -gencode=arch=compute_87,code=sm_87
-- Found ament_cmake: 0.9.12 (/opt/ros/foxy/share/ament_cmake/cmake)
-- Using PYTHON_EXECUTABLE: /usr/bin/python3
-- Override CMake install command with custom implementation using symlinks instead of copying resources
-- Found ament_lint_auto: 0.9.8 (/opt/ros/foxy/share/ament_lint_auto/cmake)
-- Added test 'copyright' to check source files copyright and LICENSE
-- Added test 'cppcheck' to perform static code analysis on C / C++ code
-- Configured cppcheck include dirs: $<BUILD_INTERFACE:/home/kt/repos/mppi/src/mppi/include>
-- Configured cppcheck exclude dirs and/or files: 
-- Added test 'cpplint' to check C / C++ code against the Google style
-- Configured cpplint exclude dirs and/or files: 
-- Added test 'flake8' to check Python code syntax and style conventions
-- Added test 'lint_cmake' to check CMake code style
-- Added test 'pep257' to check Python code against some of the style conventions in PEP 257
-- Added test 'uncrustify' to check C / C++ code style
-- Configured uncrustify additional arguments: 
-- Added test 'xmllint' to check XML markup files
-- Configuring done
CMake Error at CMakeLists.txt:31 (add_executable):
  Cannot find source file:

    src/mppi_node.cpp

  Tried extensions .c .C .c++ .cc .cpp .cxx .cu .m .M .mm .h .hh .h++ .hm
  .hpp .hxx .in .txx


CMake Error at CMakeLists.txt:31 (add_executable):
  No SOURCES given to target: mppi_node


CMake Generate step failed.  Build files cannot be regenerated correctly.
