[0.021s] Invoking command in '/home/kt/repos/mppi/build/mppi': /usr/bin/cmake /home/kt/repos/mppi/src/mppi -DCMAKE_INSTALL_PREFIX=/home/kt/repos/mppi/install/mppi
[0.133s] -- The C compiler identification is GNU 9.4.0
[0.139s] -- Check for working C compiler: /usr/bin/cc
[0.273s] -- Check for working C compiler: /usr/bin/cc -- works
[0.276s] -- Detecting C compiler ABI info
[0.418s] -- Detecting C compiler ABI info - done
[0.449s] -- Detecting C compile features
[0.449s] -- Detecting C compile features - done
[1.660s] -- Autodetected CUDA architecture(s):  8.7
[1.661s] -- CUDA Architecture(s): -gencode=arch=compute_87,code=sm_87
[1.696s] -- Found ZLIB: /usr/lib/aarch64-linux-gnu/libz.so (found version "1.2.11") 
[2.903s] -- Autodetected CUDA architecture(s):  8.7
[2.904s] -- CUDA Architecture(s): -gencode=arch=compute_87,code=sm_87
[2.904s] -- Found ament_cmake: 0.9.12 (/opt/ros/foxy/share/ament_cmake/cmake)
[2.947s] -- Using PYTHON_EXECUTABLE: /usr/bin/python3
[3.341s] -- Found ament_lint_auto: 0.9.8 (/opt/ros/foxy/share/ament_lint_auto/cmake)
[3.344s] CMake Error: File /home/kt/repos/mppi/src/mppi/package.xml does not exist.
[3.344s] CMake Error at /opt/ros/foxy/share/ament_cmake_core/cmake/core/stamp.cmake:24 (configure_file):
[3.344s]   configure_file Problem configuring file
[3.345s] Call Stack (most recent call first):
[3.345s]   /opt/ros/foxy/share/ament_cmake_core/cmake/core/ament_package_xml.cmake:73 (stamp)
[3.345s]   /opt/ros/foxy/share/ament_cmake_core/cmake/core/ament_package_xml.cmake:49 (_ament_package_xml)
[3.345s]   /opt/ros/foxy/share/ament_lint_auto/cmake/ament_lint_auto_find_test_dependencies.cmake:31 (ament_package_xml)
[3.345s]   CMakeLists.txt:47 (ament_lint_auto_find_test_dependencies)
[3.346s] 
[3.346s] 
[3.346s] CMake Error: File /home/kt/repos/mppi/src/mppi/package.xml does not exist.
[3.346s] CMake Error at /opt/ros/foxy/share/ament_cmake_core/cmake/core/stamp.cmake:24 (configure_file):
[3.346s]   configure_file Problem configuring file
[3.347s] Call Stack (most recent call first):
[3.347s]   /opt/ros/foxy/share/ament_cmake_core/cmake/core/ament_package_xml.cmake:73 (stamp)
[3.347s]   /opt/ros/foxy/share/ament_cmake_core/cmake/core/ament_package_xml.cmake:49 (_ament_package_xml)
[3.347s]   /opt/ros/foxy/share/ament_cmake_core/cmake/core/ament_package.cmake:63 (ament_package_xml)
[3.348s]   CMakeLists.txt:50 (ament_package)
[3.348s] 
[3.348s] 
[3.356s] -- Configuring incomplete, errors occurred!
[3.356s] See also "/home/kt/repos/mppi/build/mppi/CMakeFiles/CMakeOutput.log".
[3.356s] See also "/home/kt/repos/mppi/build/mppi/CMakeFiles/CMakeError.log".
[3.373s] Invoked command in '/home/kt/repos/mppi/build/mppi' returned '1': /usr/bin/cmake /home/kt/repos/mppi/src/mppi -DCMAKE_INSTALL_PREFIX=/home/kt/repos/mppi/install/mppi
