[0.397s] DEBUG:colcon:Command line arguments: ['/usr/bin/colcon', 'build', '--symlink-install']
[0.397s] DEBUG:colcon:Parsed command line arguments: Namespace(allow_overriding=[], ament_cmake_args=None, base_paths=['.'], build_base='build', catkin_cmake_args=None, catkin_skip_building_tests=False, cmake_args=None, cmake_clean_cache=False, cmake_clean_first=False, cmake_force_configure=False, cmake_target=None, cmake_target_skip_unavailable=False, continue_on_error=False, event_handlers=None, executor='parallel', ignore_user_meta=False, install_base='install', log_base=None, log_level=None, main=<bound method BuildVerb.main of <colcon_core.verb.build.BuildVerb object at 0xffffb5b625b0>>, merge_install=False, metas=['./colcon.meta'], packages_above=None, packages_above_and_dependencies=None, packages_above_depth=None, packages_end=None, packages_ignore=None, packages_ignore_regex=None, packages_select=None, packages_select_build_failed=False, packages_select_by_dep=None, packages_select_regex=None, packages_select_test_failures=False, packages_skip=None, packages_skip_build_finished=False, packages_skip_by_dep=None, packages_skip_regex=None, packages_skip_test_passed=False, packages_skip_up_to=None, packages_start=None, packages_up_to=None, packages_up_to_regex=None, parallel_workers=6, paths=None, symlink_install=True, test_result_base=None, verb_extension=<colcon_core.verb.build.BuildVerb object at 0xffffb5b625b0>, verb_name='build', verb_parser=<colcon_defaults.argument_parser.defaults.DefaultArgumentsDecorator object at 0xffffb5b62b20>)
[0.718s] Level 1:colcon.colcon_core.package_discovery:discover_packages(colcon_meta) check parameters
[0.719s] Level 1:colcon.colcon_core.package_discovery:discover_packages(recursive) check parameters
[0.719s] Level 1:colcon.colcon_core.package_discovery:discover_packages(ignore) check parameters
[0.719s] Level 1:colcon.colcon_core.package_discovery:discover_packages(path) check parameters
[0.719s] Level 1:colcon.colcon_core.package_discovery:discover_packages(colcon_meta) discover
[0.719s] Level 1:colcon.colcon_core.package_discovery:discover_packages(recursive) discover
[0.719s] INFO:colcon.colcon_core.package_discovery:Crawling recursively for packages in '/home/kt/repos/mppi'
[0.720s] Level 1:colcon.colcon_core.package_identification:_identify(.) by extensions ['ignore', 'ignore_ament_install']
[0.720s] Level 1:colcon.colcon_core.package_identification:_identify(.) by extension 'ignore'
[0.720s] Level 1:colcon.colcon_core.package_identification:_identify(.) by extension 'ignore_ament_install'
[0.720s] Level 1:colcon.colcon_core.package_identification:_identify(.) by extensions ['colcon_pkg']
[0.720s] Level 1:colcon.colcon_core.package_identification:_identify(.) by extension 'colcon_pkg'
[0.720s] Level 1:colcon.colcon_core.package_identification:_identify(.) by extensions ['colcon_meta']
[0.721s] Level 1:colcon.colcon_core.package_identification:_identify(.) by extension 'colcon_meta'
[0.721s] Level 1:colcon.colcon_core.package_identification:_identify(.) by extensions ['ros']
[0.721s] Level 1:colcon.colcon_core.package_identification:_identify(.) by extension 'ros'
[0.744s] Level 1:colcon.colcon_core.package_identification:_identify(.) by extensions ['cmake', 'python']
[0.744s] Level 1:colcon.colcon_core.package_identification:_identify(.) by extension 'cmake'
[0.745s] Level 1:colcon.colcon_core.package_identification:_identify(.) by extension 'python'
[0.745s] Level 1:colcon.colcon_core.package_identification:_identify(.) by extensions ['python_setup_py']
[0.745s] Level 1:colcon.colcon_core.package_identification:_identify(.) by extension 'python_setup_py'
[0.745s] Level 1:colcon.colcon_core.package_identification:_identify(build) by extensions ['ignore', 'ignore_ament_install']
[0.745s] Level 1:colcon.colcon_core.package_identification:_identify(build) by extension 'ignore'
[0.745s] Level 1:colcon.colcon_core.package_identification:_identify(build) ignored
[0.746s] Level 1:colcon.colcon_core.package_identification:_identify(install) by extensions ['ignore', 'ignore_ament_install']
[0.746s] Level 1:colcon.colcon_core.package_identification:_identify(install) by extension 'ignore'
[0.746s] Level 1:colcon.colcon_core.package_identification:_identify(install) ignored
[0.746s] Level 1:colcon.colcon_core.package_identification:_identify(log) by extensions ['ignore', 'ignore_ament_install']
[0.747s] Level 1:colcon.colcon_core.package_identification:_identify(log) by extension 'ignore'
[0.747s] Level 1:colcon.colcon_core.package_identification:_identify(log) ignored
[0.747s] Level 1:colcon.colcon_core.package_identification:_identify(src) by extensions ['ignore', 'ignore_ament_install']
[0.747s] Level 1:colcon.colcon_core.package_identification:_identify(src) by extension 'ignore'
[0.747s] Level 1:colcon.colcon_core.package_identification:_identify(src) by extension 'ignore_ament_install'
[0.747s] Level 1:colcon.colcon_core.package_identification:_identify(src) by extensions ['colcon_pkg']
[0.747s] Level 1:colcon.colcon_core.package_identification:_identify(src) by extension 'colcon_pkg'
[0.747s] Level 1:colcon.colcon_core.package_identification:_identify(src) by extensions ['colcon_meta']
[0.748s] Level 1:colcon.colcon_core.package_identification:_identify(src) by extension 'colcon_meta'
[0.748s] Level 1:colcon.colcon_core.package_identification:_identify(src) by extensions ['ros']
[0.748s] Level 1:colcon.colcon_core.package_identification:_identify(src) by extension 'ros'
[0.748s] Level 1:colcon.colcon_core.package_identification:_identify(src) by extensions ['cmake', 'python']
[0.748s] Level 1:colcon.colcon_core.package_identification:_identify(src) by extension 'cmake'
[0.748s] Level 1:colcon.colcon_core.package_identification:_identify(src) by extension 'python'
[0.748s] Level 1:colcon.colcon_core.package_identification:_identify(src) by extensions ['python_setup_py']
[0.748s] Level 1:colcon.colcon_core.package_identification:_identify(src) by extension 'python_setup_py'
[0.749s] Level 1:colcon.colcon_core.package_identification:_identify(src/mppi) by extensions ['ignore', 'ignore_ament_install']
[0.749s] Level 1:colcon.colcon_core.package_identification:_identify(src/mppi) by extension 'ignore'
[0.749s] Level 1:colcon.colcon_core.package_identification:_identify(src/mppi) by extension 'ignore_ament_install'
[0.749s] Level 1:colcon.colcon_core.package_identification:_identify(src/mppi) by extensions ['colcon_pkg']
[0.749s] Level 1:colcon.colcon_core.package_identification:_identify(src/mppi) by extension 'colcon_pkg'
[0.749s] Level 1:colcon.colcon_core.package_identification:_identify(src/mppi) by extensions ['colcon_meta']
[0.749s] Level 1:colcon.colcon_core.package_identification:_identify(src/mppi) by extension 'colcon_meta'
[0.749s] Level 1:colcon.colcon_core.package_identification:_identify(src/mppi) by extensions ['ros']
[0.749s] Level 1:colcon.colcon_core.package_identification:_identify(src/mppi) by extension 'ros'
[0.754s] DEBUG:colcon.colcon_core.package_identification:Package 'src/mppi' with type 'ros.ament_cmake' and name 'mppi'
[0.754s] Level 1:colcon.colcon_core.package_discovery:discover_packages(recursive) using defaults
[0.755s] Level 1:colcon.colcon_core.package_discovery:discover_packages(ignore) discover
[0.755s] Level 1:colcon.colcon_core.package_discovery:discover_packages(ignore) using defaults
[0.755s] Level 1:colcon.colcon_core.package_discovery:discover_packages(path) discover
[0.755s] Level 1:colcon.colcon_core.package_discovery:discover_packages(path) using defaults
[0.786s] Level 1:colcon.colcon_core.package_discovery:discover_packages(prefix_path) check parameters
[0.786s] Level 1:colcon.colcon_core.package_discovery:discover_packages(prefix_path) discover
[0.792s] DEBUG:colcon.colcon_installed_package_information.package_discovery:Found 314 installed packages in /opt/ros/foxy
[0.795s] Level 1:colcon.colcon_core.package_discovery:discover_packages(prefix_path) using defaults
[0.959s] Level 5:colcon.colcon_core.verb:set package 'mppi' build argument 'cmake_args' from command line to 'None'
[0.960s] Level 5:colcon.colcon_core.verb:set package 'mppi' build argument 'cmake_target' from command line to 'None'
[0.960s] Level 5:colcon.colcon_core.verb:set package 'mppi' build argument 'cmake_target_skip_unavailable' from command line to 'False'
[0.960s] Level 5:colcon.colcon_core.verb:set package 'mppi' build argument 'cmake_clean_cache' from command line to 'False'
[0.960s] Level 5:colcon.colcon_core.verb:set package 'mppi' build argument 'cmake_clean_first' from command line to 'False'
[0.960s] Level 5:colcon.colcon_core.verb:set package 'mppi' build argument 'cmake_force_configure' from command line to 'False'
[0.960s] Level 5:colcon.colcon_core.verb:set package 'mppi' build argument 'ament_cmake_args' from command line to 'None'
[0.960s] Level 5:colcon.colcon_core.verb:set package 'mppi' build argument 'catkin_cmake_args' from command line to 'None'
[0.960s] Level 5:colcon.colcon_core.verb:set package 'mppi' build argument 'catkin_skip_building_tests' from command line to 'False'
[0.960s] DEBUG:colcon.colcon_core.verb:Building package 'mppi' with the following arguments: {'ament_cmake_args': None, 'build_base': '/home/kt/repos/mppi/build/mppi', 'catkin_cmake_args': None, 'catkin_skip_building_tests': False, 'cmake_args': None, 'cmake_clean_cache': False, 'cmake_clean_first': False, 'cmake_force_configure': False, 'cmake_target': None, 'cmake_target_skip_unavailable': False, 'install_base': '/home/kt/repos/mppi/install/mppi', 'merge_install': False, 'path': '/home/kt/repos/mppi/src/mppi', 'symlink_install': True, 'test_result_base': None}
[0.961s] INFO:colcon.colcon_core.executor:Executing jobs using 'parallel' executor
[0.963s] DEBUG:colcon.colcon_parallel_executor.executor.parallel:run_until_complete
[0.963s] INFO:colcon.colcon_ros.task.ament_cmake.build:Building ROS package in '/home/kt/repos/mppi/src/mppi' with build type 'ament_cmake'
[0.964s] INFO:colcon.colcon_cmake.task.cmake.build:Building CMake package in '/home/kt/repos/mppi/src/mppi'
[0.968s] INFO:colcon.colcon_core.plugin_system:Skipping extension 'colcon_core.shell.bat': Not used on non-Windows systems
[0.968s] INFO:colcon.colcon_core.shell:Skip shell extension 'powershell' for command environment: Not usable outside of PowerShell
[0.969s] DEBUG:colcon.colcon_core.shell:Skip shell extension 'dsv' for command environment
[0.987s] DEBUG:colcon.colcon_core.event_handler.log_command:Invoking command in '/home/kt/repos/mppi/build/mppi': CMAKE_PREFIX_PATH=/opt/ros/foxy /usr/bin/cmake --build /home/kt/repos/mppi/build/mppi -- -j6 -l6
[80.911s] DEBUG:colcon.colcon_core.event_handler.log_command:Invoked command in '/home/kt/repos/mppi/build/mppi' returned '0': CMAKE_PREFIX_PATH=/opt/ros/foxy /usr/bin/cmake --build /home/kt/repos/mppi/build/mppi -- -j6 -l6
[80.942s] DEBUG:colcon.colcon_core.event_handler.log_command:Invoking command in '/home/kt/repos/mppi/build/mppi': CMAKE_PREFIX_PATH=/opt/ros/foxy /usr/bin/cmake --install /home/kt/repos/mppi/build/mppi
[81.332s] Level 1:colcon.colcon_core.environment:create_environment_scripts_only(mppi)
[81.334s] DEBUG:colcon.colcon_core.event_handler.log_command:Invoked command in '/home/kt/repos/mppi/build/mppi' returned '0': CMAKE_PREFIX_PATH=/opt/ros/foxy /usr/bin/cmake --install /home/kt/repos/mppi/build/mppi
[81.342s] Level 1:colcon.colcon_core.environment:checking '/home/kt/repos/mppi/install/mppi' for CMake module files
[81.343s] Level 1:colcon.colcon_core.environment:checking '/home/kt/repos/mppi/install/mppi' for CMake config files
[81.343s] Level 1:colcon.colcon_core.shell:create_environment_hook('mppi', 'cmake_prefix_path')
[81.344s] INFO:colcon.colcon_core.shell:Creating environment hook '/home/kt/repos/mppi/install/mppi/share/mppi/hook/cmake_prefix_path.ps1'
[81.346s] INFO:colcon.colcon_core.shell:Creating environment descriptor '/home/kt/repos/mppi/install/mppi/share/mppi/hook/cmake_prefix_path.dsv'
[81.348s] INFO:colcon.colcon_core.shell:Creating environment hook '/home/kt/repos/mppi/install/mppi/share/mppi/hook/cmake_prefix_path.sh'
[81.350s] Level 1:colcon.colcon_core.environment:checking '/home/kt/repos/mppi/install/mppi/lib'
[81.350s] Level 1:colcon.colcon_core.environment:checking '/home/kt/repos/mppi/install/mppi/bin'
[81.350s] Level 1:colcon.colcon_core.shell:create_environment_hook('mppi', 'path')
[81.351s] INFO:colcon.colcon_core.shell:Creating environment hook '/home/kt/repos/mppi/install/mppi/share/mppi/hook/path.ps1'
[81.352s] INFO:colcon.colcon_core.shell:Creating environment descriptor '/home/kt/repos/mppi/install/mppi/share/mppi/hook/path.dsv'
[81.353s] INFO:colcon.colcon_core.shell:Creating environment hook '/home/kt/repos/mppi/install/mppi/share/mppi/hook/path.sh'
[81.354s] Level 1:colcon.colcon_core.environment:checking '/home/kt/repos/mppi/install/mppi/lib/pkgconfig/mppi.pc'
[81.354s] Level 1:colcon.colcon_core.environment:checking '/home/kt/repos/mppi/install/mppi/lib/python3.8/site-packages'
[81.355s] Level 1:colcon.colcon_core.environment:checking '/home/kt/repos/mppi/install/mppi/bin'
[81.355s] Level 1:colcon.colcon_core.shell:create_environment_hook('mppi', 'pythonscriptspath')
[81.356s] INFO:colcon.colcon_core.shell:Creating environment hook '/home/kt/repos/mppi/install/mppi/share/mppi/hook/pythonscriptspath.ps1'
[81.357s] INFO:colcon.colcon_core.shell:Creating environment descriptor '/home/kt/repos/mppi/install/mppi/share/mppi/hook/pythonscriptspath.dsv'
[81.358s] INFO:colcon.colcon_core.shell:Creating environment hook '/home/kt/repos/mppi/install/mppi/share/mppi/hook/pythonscriptspath.sh'
[81.359s] INFO:colcon.colcon_core.shell:Creating package script '/home/kt/repos/mppi/install/mppi/share/mppi/package.ps1'
[81.362s] INFO:colcon.colcon_core.shell:Creating package descriptor '/home/kt/repos/mppi/install/mppi/share/mppi/package.dsv'
[81.364s] INFO:colcon.colcon_core.shell:Creating package script '/home/kt/repos/mppi/install/mppi/share/mppi/package.sh'
[81.366s] INFO:colcon.colcon_core.shell:Creating package script '/home/kt/repos/mppi/install/mppi/share/mppi/package.bash'
[81.368s] INFO:colcon.colcon_core.shell:Creating package script '/home/kt/repos/mppi/install/mppi/share/mppi/package.zsh'
[81.370s] Level 1:colcon.colcon_core.environment:create_file_with_runtime_dependencies(/home/kt/repos/mppi/install/mppi/share/colcon-core/packages/mppi)
[81.372s] Level 1:colcon.colcon_core.environment:create_environment_scripts_only(mppi)
[81.372s] Level 1:colcon.colcon_core.environment:checking '/home/kt/repos/mppi/install/mppi' for CMake module files
[81.373s] Level 1:colcon.colcon_core.environment:checking '/home/kt/repos/mppi/install/mppi' for CMake config files
[81.373s] Level 1:colcon.colcon_core.shell:create_environment_hook('mppi', 'cmake_prefix_path')
[81.374s] INFO:colcon.colcon_core.shell:Creating environment hook '/home/kt/repos/mppi/install/mppi/share/mppi/hook/cmake_prefix_path.ps1'
[81.375s] INFO:colcon.colcon_core.shell:Creating environment descriptor '/home/kt/repos/mppi/install/mppi/share/mppi/hook/cmake_prefix_path.dsv'
[81.375s] INFO:colcon.colcon_core.shell:Creating environment hook '/home/kt/repos/mppi/install/mppi/share/mppi/hook/cmake_prefix_path.sh'
[81.377s] Level 1:colcon.colcon_core.environment:checking '/home/kt/repos/mppi/install/mppi/lib'
[81.377s] Level 1:colcon.colcon_core.environment:checking '/home/kt/repos/mppi/install/mppi/bin'
[81.377s] Level 1:colcon.colcon_core.shell:create_environment_hook('mppi', 'path')
[81.377s] INFO:colcon.colcon_core.shell:Creating environment hook '/home/kt/repos/mppi/install/mppi/share/mppi/hook/path.ps1'
[81.378s] INFO:colcon.colcon_core.shell:Creating environment descriptor '/home/kt/repos/mppi/install/mppi/share/mppi/hook/path.dsv'
[81.379s] INFO:colcon.colcon_core.shell:Creating environment hook '/home/kt/repos/mppi/install/mppi/share/mppi/hook/path.sh'
[81.379s] Level 1:colcon.colcon_core.environment:checking '/home/kt/repos/mppi/install/mppi/lib/pkgconfig/mppi.pc'
[81.380s] Level 1:colcon.colcon_core.environment:checking '/home/kt/repos/mppi/install/mppi/lib/python3.8/site-packages'
[81.380s] Level 1:colcon.colcon_core.environment:checking '/home/kt/repos/mppi/install/mppi/bin'
[81.380s] Level 1:colcon.colcon_core.shell:create_environment_hook('mppi', 'pythonscriptspath')
[81.381s] INFO:colcon.colcon_core.shell:Creating environment hook '/home/kt/repos/mppi/install/mppi/share/mppi/hook/pythonscriptspath.ps1'
[81.382s] INFO:colcon.colcon_core.shell:Creating environment descriptor '/home/kt/repos/mppi/install/mppi/share/mppi/hook/pythonscriptspath.dsv'
[81.382s] INFO:colcon.colcon_core.shell:Creating environment hook '/home/kt/repos/mppi/install/mppi/share/mppi/hook/pythonscriptspath.sh'
[81.384s] INFO:colcon.colcon_core.shell:Creating package script '/home/kt/repos/mppi/install/mppi/share/mppi/package.ps1'
[81.385s] INFO:colcon.colcon_core.shell:Creating package descriptor '/home/kt/repos/mppi/install/mppi/share/mppi/package.dsv'
[81.386s] INFO:colcon.colcon_core.shell:Creating package script '/home/kt/repos/mppi/install/mppi/share/mppi/package.sh'
[81.387s] INFO:colcon.colcon_core.shell:Creating package script '/home/kt/repos/mppi/install/mppi/share/mppi/package.bash'
[81.388s] INFO:colcon.colcon_core.shell:Creating package script '/home/kt/repos/mppi/install/mppi/share/mppi/package.zsh'
[81.389s] Level 1:colcon.colcon_core.environment:create_file_with_runtime_dependencies(/home/kt/repos/mppi/install/mppi/share/colcon-core/packages/mppi)
[81.389s] DEBUG:colcon.colcon_parallel_executor.executor.parallel:closing loop
[81.390s] DEBUG:colcon.colcon_parallel_executor.executor.parallel:loop closed
[81.390s] DEBUG:colcon.colcon_parallel_executor.executor.parallel:run_until_complete finished with '0'
[81.390s] DEBUG:colcon.colcon_core.event_reactor:joining thread
[81.407s] INFO:colcon.colcon_core.plugin_system:Skipping extension 'colcon_notification.desktop_notification.terminal_notifier': Not used on non-Darwin systems
[81.407s] INFO:colcon.colcon_core.plugin_system:Skipping extension 'colcon_notification.desktop_notification.win32': Not used on non-Windows systems
[81.407s] INFO:colcon.colcon_notification.desktop_notification:Sending desktop notification using 'notify2'
[81.447s] DEBUG:colcon.colcon_notification.desktop_notification.notify2:Failed to initialize notify2: org.freedesktop.DBus.Error.Spawn.ChildExited: Process org.freedesktop.Notifications exited with status 1
[81.447s] DEBUG:colcon.colcon_core.event_reactor:joined thread
[81.448s] INFO:colcon.colcon_core.shell:Creating prefix script '/home/kt/repos/mppi/install/local_setup.ps1'
[81.451s] INFO:colcon.colcon_core.shell:Creating prefix util module '/home/kt/repos/mppi/install/_local_setup_util_ps1.py'
[81.455s] INFO:colcon.colcon_core.shell:Creating prefix chain script '/home/kt/repos/mppi/install/setup.ps1'
[81.457s] INFO:colcon.colcon_core.shell:Creating prefix script '/home/kt/repos/mppi/install/local_setup.sh'
[81.459s] INFO:colcon.colcon_core.shell:Creating prefix util module '/home/kt/repos/mppi/install/_local_setup_util_sh.py'
[81.460s] INFO:colcon.colcon_core.shell:Creating prefix chain script '/home/kt/repos/mppi/install/setup.sh'
[81.462s] INFO:colcon.colcon_core.shell:Creating prefix script '/home/kt/repos/mppi/install/local_setup.bash'
[81.463s] INFO:colcon.colcon_core.shell:Creating prefix chain script '/home/kt/repos/mppi/install/setup.bash'
[81.465s] INFO:colcon.colcon_core.shell:Creating prefix script '/home/kt/repos/mppi/install/local_setup.zsh'
[81.467s] INFO:colcon.colcon_core.shell:Creating prefix chain script '/home/kt/repos/mppi/install/setup.zsh'
