[0.034s] Invoking command in '/home/kt/repos/mppi/build/MPPI-Generic': /usr/bin/cmake --build /home/kt/repos/mppi/build/MPPI-Generic -- -j6 -l6
[0.138s] [ 33%] Built target cnpy-static
[0.143s] [ 66%] Built target cnpy
[0.189s] [100%] Built target example1
[0.213s] Invoked command in '/home/kt/repos/mppi/build/MPPI-Generic' returned '0': /usr/bin/cmake --build /home/kt/repos/mppi/build/MPPI-Generic -- -j6 -l6
[0.243s] Invoking command in '/home/kt/repos/mppi/build/MPPI-Generic': /usr/bin/cmake --install /home/kt/repos/mppi/build/MPPI-Generic
[0.262s] -- Install configuration: "Release"
[0.262s] -- Installing: /home/kt/repos/mppi/install/MPPI-Generic/lib/cnpy/libcnpy.so
[0.263s] -- Installing: /home/kt/repos/mppi/install/MPPI-Generic/lib/cnpy/libcnpy.a
[0.264s] -- Installing: /home/kt/repos/mppi/install/MPPI-Generic/include/cnpy/cnpy.h
[0.265s] -- Installing: /home/kt/repos/mppi/install/MPPI-Generic/bin/mat2npz
[0.265s] -- Installing: /home/kt/repos/mppi/install/MPPI-Generic/bin/npy2mat
[0.265s] -- Installing: /home/kt/repos/mppi/install/MPPI-Generic/bin/npz2mat
[0.266s] -- Installing: /home/kt/repos/mppi/install/MPPI-Generic/lib/cmake/cnpy/cnpy-targets.cmake
[0.266s] -- Installing: /home/kt/repos/mppi/install/MPPI-Generic/lib/cmake/cnpy/cnpy-targets-release.cmake
[0.267s] -- Installing: /home/kt/repos/mppi/install/MPPI-Generic/lib/cmake/cnpy/cnpy-config.cmake
[0.267s] -- Installing: /home/kt/repos/mppi/install/MPPI-Generic/include/mppi
[0.267s] -- Installing: /home/kt/repos/mppi/install/MPPI-Generic/include/mppi/core
[0.267s] -- Installing: /home/kt/repos/mppi/install/MPPI-Generic/include/mppi/core/base_plant.hpp
[0.268s] -- Installing: /home/kt/repos/mppi/install/MPPI-Generic/include/mppi/core/rmppi_kernels.cu
[0.268s] -- Installing: /home/kt/repos/mppi/install/MPPI-Generic/include/mppi/core/buffered_plant.hpp
[0.268s] -- Installing: /home/kt/repos/mppi/install/MPPI-Generic/include/mppi/core/rmppi_kernels.cuh
[0.269s] -- Installing: /home/kt/repos/mppi/install/MPPI-Generic/include/mppi/core/mppi_common.cu
[0.269s] -- Installing: /home/kt/repos/mppi/install/MPPI-Generic/include/mppi/core/mppi_common.cuh
[0.270s] -- Installing: /home/kt/repos/mppi/install/MPPI-Generic/include/mppi/core/buffer.hpp
[0.270s] -- Installing: /home/kt/repos/mppi/install/MPPI-Generic/include/mppi/feedback_controllers
[0.270s] -- Installing: /home/kt/repos/mppi/install/MPPI-Generic/include/mppi/feedback_controllers/feedback.cu
[0.270s] -- Installing: /home/kt/repos/mppi/install/MPPI-Generic/include/mppi/feedback_controllers/feedback.cuh
[0.271s] -- Installing: /home/kt/repos/mppi/install/MPPI-Generic/include/mppi/feedback_controllers/DDP
[0.271s] -- Installing: /home/kt/repos/mppi/install/MPPI-Generic/include/mppi/feedback_controllers/DDP/ddp.cuh
[0.271s] -- Installing: /home/kt/repos/mppi/install/MPPI-Generic/include/mppi/feedback_controllers/DDP/ddp.cu
[0.271s] -- Installing: /home/kt/repos/mppi/install/MPPI-Generic/include/mppi/feedback_controllers/CCM
[0.272s] -- Installing: /home/kt/repos/mppi/install/MPPI-Generic/include/mppi/feedback_controllers/CCM/ccm.h
[0.272s] -- Installing: /home/kt/repos/mppi/install/MPPI-Generic/include/mppi/utils
[0.272s] -- Installing: /home/kt/repos/mppi/install/MPPI-Generic/include/mppi/utils/texture_helpers
[0.272s] -- Installing: /home/kt/repos/mppi/install/MPPI-Generic/include/mppi/utils/texture_helpers/three_d_texture_helper.cu
[0.273s] -- Installing: /home/kt/repos/mppi/install/MPPI-Generic/include/mppi/utils/texture_helpers/texture_helper.cuh
[0.273s] -- Installing: /home/kt/repos/mppi/install/MPPI-Generic/include/mppi/utils/texture_helpers/two_d_texture_helper.cuh
[0.273s] -- Installing: /home/kt/repos/mppi/install/MPPI-Generic/include/mppi/utils/texture_helpers/three_d_texture_helper.cuh
[0.274s] -- Installing: /home/kt/repos/mppi/install/MPPI-Generic/include/mppi/utils/texture_helpers/two_d_texture_helper.cu
[0.274s] -- Installing: /home/kt/repos/mppi/install/MPPI-Generic/include/mppi/utils/texture_helpers/texture_helper.cu
[0.274s] -- Installing: /home/kt/repos/mppi/install/MPPI-Generic/include/mppi/utils/numerical_integration.h
[0.275s] -- Installing: /home/kt/repos/mppi/install/MPPI-Generic/include/mppi/utils/managed.cuh
[0.275s] -- Installing: /home/kt/repos/mppi/install/MPPI-Generic/include/mppi/utils/matrix_mult_utils.cuh
[0.275s] -- Installing: /home/kt/repos/mppi/install/MPPI-Generic/include/mppi/utils/parallel_utils.cuh
[0.275s] -- Installing: /home/kt/repos/mppi/install/MPPI-Generic/include/mppi/utils/activation_functions.cuh
[0.276s] -- Installing: /home/kt/repos/mppi/install/MPPI-Generic/include/mppi/utils/test_helper.h
[0.276s] -- Installing: /home/kt/repos/mppi/install/MPPI-Generic/include/mppi/utils/eigen_type_conversions.h
[0.276s] -- Installing: /home/kt/repos/mppi/install/MPPI-Generic/include/mppi/utils/cuda_math_utils.cuh
[0.277s] -- Installing: /home/kt/repos/mppi/install/MPPI-Generic/include/mppi/utils/nn_helpers
[0.277s] -- Installing: /home/kt/repos/mppi/install/MPPI-Generic/include/mppi/utils/nn_helpers/fnn_helper.cu
[0.277s] -- Installing: /home/kt/repos/mppi/install/MPPI-Generic/include/mppi/utils/nn_helpers/lstm_helper.cu
[0.278s] -- Installing: /home/kt/repos/mppi/install/MPPI-Generic/include/mppi/utils/nn_helpers/lstm_helper.cuh
[0.278s] -- Installing: /home/kt/repos/mppi/install/MPPI-Generic/include/mppi/utils/nn_helpers/lstm_lstm_helper.cu
[0.278s] -- Installing: /home/kt/repos/mppi/install/MPPI-Generic/include/mppi/utils/nn_helpers/fnn_helper.cuh
[0.279s] -- Installing: /home/kt/repos/mppi/install/MPPI-Generic/include/mppi/utils/nn_helpers/lstm_lstm_helper.cuh
[0.279s] -- Installing: /home/kt/repos/mppi/install/MPPI-Generic/include/mppi/utils/nn_helpers/meta_math.h
[0.280s] -- Installing: /home/kt/repos/mppi/install/MPPI-Generic/include/mppi/utils/file_utils.h
[0.280s] -- Installing: /home/kt/repos/mppi/install/MPPI-Generic/include/mppi/utils/logger.hpp
[0.280s] -- Installing: /home/kt/repos/mppi/install/MPPI-Generic/include/mppi/utils/gpu_err_chk.cuh
[0.280s] -- Installing: /home/kt/repos/mppi/install/MPPI-Generic/include/mppi/utils/type_printing.h
[0.281s] -- Installing: /home/kt/repos/mppi/install/MPPI-Generic/include/mppi/utils/angle_utils.cuh
[0.281s] -- Installing: /home/kt/repos/mppi/install/MPPI-Generic/include/mppi/utils/risk_utils.cu
[0.281s] -- Installing: /home/kt/repos/mppi/install/MPPI-Generic/include/mppi/utils/math_utils.h
[0.282s] -- Installing: /home/kt/repos/mppi/install/MPPI-Generic/include/mppi/utils/risk_utils.cuh
[0.282s] -- Installing: /home/kt/repos/mppi/install/MPPI-Generic/include/mppi/instantiations
[0.282s] -- Installing: /home/kt/repos/mppi/install/MPPI-Generic/include/mppi/instantiations/double_integrator_mppi
[0.282s] -- Installing: /home/kt/repos/mppi/install/MPPI-Generic/include/mppi/instantiations/double_integrator_mppi/double_integrator_mppi.cuh
[0.282s] -- Installing: /home/kt/repos/mppi/install/MPPI-Generic/include/mppi/instantiations/cartpole_mppi
[0.283s] -- Installing: /home/kt/repos/mppi/install/MPPI-Generic/include/mppi/instantiations/cartpole_mppi/cartpole_mppi.cuh
[0.283s] -- Installing: /home/kt/repos/mppi/install/MPPI-Generic/include/mppi/instantiations/quadrotor_mppi
[0.283s] -- Installing: /home/kt/repos/mppi/install/MPPI-Generic/include/mppi/instantiations/quadrotor_mppi/quadrotor_mppi.cuh
[0.283s] -- Installing: /home/kt/repos/mppi/install/MPPI-Generic/include/mppi/instantiations/autorally_mppi
[0.284s] -- Installing: /home/kt/repos/mppi/install/MPPI-Generic/include/mppi/instantiations/autorally_mppi/autorally_mppi.cuh
[0.284s] -- Installing: /home/kt/repos/mppi/install/MPPI-Generic/include/mppi/cost_functions
[0.284s] -- Installing: /home/kt/repos/mppi/install/MPPI-Generic/include/mppi/cost_functions/cartpole
[0.284s] -- Installing: /home/kt/repos/mppi/install/MPPI-Generic/include/mppi/cost_functions/cartpole/cartpole_quadratic_cost.cuh
[0.284s] -- Installing: /home/kt/repos/mppi/install/MPPI-Generic/include/mppi/cost_functions/cartpole/cartpole_quadratic_cost.cu
[0.285s] -- Installing: /home/kt/repos/mppi/install/MPPI-Generic/include/mppi/cost_functions/quadratic_cost
[0.285s] -- Installing: /home/kt/repos/mppi/install/MPPI-Generic/include/mppi/cost_functions/quadratic_cost/quadratic_cost.cu
[0.285s] -- Installing: /home/kt/repos/mppi/install/MPPI-Generic/include/mppi/cost_functions/quadratic_cost/quadratic_cost.cuh
[0.285s] -- Installing: /home/kt/repos/mppi/install/MPPI-Generic/include/mppi/cost_functions/quadrotor
[0.285s] -- Installing: /home/kt/repos/mppi/install/MPPI-Generic/include/mppi/cost_functions/quadrotor/quadrotor_quadratic_cost.cu
[0.286s] -- Installing: /home/kt/repos/mppi/install/MPPI-Generic/include/mppi/cost_functions/quadrotor/quadrotor_quadratic_cost.cuh
[0.286s] -- Installing: /home/kt/repos/mppi/install/MPPI-Generic/include/mppi/cost_functions/quadrotor/quadrotor_map_cost.cuh
[0.287s] -- Installing: /home/kt/repos/mppi/install/MPPI-Generic/include/mppi/cost_functions/quadrotor/quadrotor_map_cost.cu
[0.287s] -- Installing: /home/kt/repos/mppi/install/MPPI-Generic/include/mppi/cost_functions/autorally
[0.287s] -- Installing: /home/kt/repos/mppi/install/MPPI-Generic/include/mppi/cost_functions/autorally/ar_robust_cost.cu
[0.288s] -- Installing: /home/kt/repos/mppi/install/MPPI-Generic/include/mppi/cost_functions/autorally/ar_standard_cost.cuh
[0.288s] -- Installing: /home/kt/repos/mppi/install/MPPI-Generic/include/mppi/cost_functions/autorally/ar_standard_cost.cu
[0.288s] -- Installing: /home/kt/repos/mppi/install/MPPI-Generic/include/mppi/cost_functions/autorally/ar_robust_cost.cuh
[0.289s] -- Installing: /home/kt/repos/mppi/install/MPPI-Generic/include/mppi/cost_functions/cost.cuh
[0.289s] -- Installing: /home/kt/repos/mppi/install/MPPI-Generic/include/mppi/cost_functions/cost.cu
[0.290s] -- Installing: /home/kt/repos/mppi/install/MPPI-Generic/include/mppi/cost_functions/double_integrator
[0.290s] -- Installing: /home/kt/repos/mppi/install/MPPI-Generic/include/mppi/cost_functions/double_integrator/double_integrator_circle_cost.cuh
[0.290s] -- Installing: /home/kt/repos/mppi/install/MPPI-Generic/include/mppi/cost_functions/double_integrator/double_integrator_circle_cost.cu
[0.291s] -- Installing: /home/kt/repos/mppi/install/MPPI-Generic/include/mppi/cost_functions/double_integrator/double_integrator_robust_cost.cuh
[0.291s] -- Installing: /home/kt/repos/mppi/install/MPPI-Generic/include/mppi/cost_functions/double_integrator/double_integrator_robust_cost.cu
[0.292s] -- Installing: /home/kt/repos/mppi/install/MPPI-Generic/include/mppi/dynamics
[0.292s] -- Installing: /home/kt/repos/mppi/install/MPPI-Generic/include/mppi/dynamics/dynamics.cu
[0.292s] -- Installing: /home/kt/repos/mppi/install/MPPI-Generic/include/mppi/dynamics/cartpole
[0.292s] -- Installing: /home/kt/repos/mppi/install/MPPI-Generic/include/mppi/dynamics/cartpole/cartpole_dynamics.cu
[0.292s] -- Installing: /home/kt/repos/mppi/install/MPPI-Generic/include/mppi/dynamics/cartpole/cartpole_dynamics.cuh
[0.293s] -- Installing: /home/kt/repos/mppi/install/MPPI-Generic/include/mppi/dynamics/dubins
[0.293s] -- Installing: /home/kt/repos/mppi/install/MPPI-Generic/include/mppi/dynamics/dubins/dubins.cuh
[0.293s] -- Installing: /home/kt/repos/mppi/install/MPPI-Generic/include/mppi/dynamics/dubins/dubins.cu
[0.294s] -- Installing: /home/kt/repos/mppi/install/MPPI-Generic/include/mppi/dynamics/quadrotor
[0.294s] -- Installing: /home/kt/repos/mppi/install/MPPI-Generic/include/mppi/dynamics/quadrotor/quadrotor_dynamics.cu
[0.294s] -- Installing: /home/kt/repos/mppi/install/MPPI-Generic/include/mppi/dynamics/quadrotor/quadrotor_dynamics.cuh
[0.294s] -- Installing: /home/kt/repos/mppi/install/MPPI-Generic/include/mppi/dynamics/racer_dubins
[0.295s] -- Installing: /home/kt/repos/mppi/install/MPPI-Generic/include/mppi/dynamics/racer_dubins/racer_dubins_elevation_suspension_lstm.cuh
[0.295s] -- Installing: /home/kt/repos/mppi/install/MPPI-Generic/include/mppi/dynamics/racer_dubins/racer_dubins_elevation_suspension_lstm.cu
[0.295s] -- Installing: /home/kt/repos/mppi/install/MPPI-Generic/include/mppi/dynamics/racer_dubins/racer_dubins.cuh
[0.296s] -- Installing: /home/kt/repos/mppi/install/MPPI-Generic/include/mppi/dynamics/racer_dubins/racer_dubins_elevation_lstm_unc.cuh
[0.296s] -- Installing: /home/kt/repos/mppi/install/MPPI-Generic/include/mppi/dynamics/racer_dubins/racer_dubins_elevation_lstm_steering.cuh
[0.296s] -- Installing: /home/kt/repos/mppi/install/MPPI-Generic/include/mppi/dynamics/racer_dubins/racer_dubins_elevation.cu
[0.297s] -- Installing: /home/kt/repos/mppi/install/MPPI-Generic/include/mppi/dynamics/racer_dubins/racer_dubins_elevation_lstm_steering.cu
[0.297s] -- Installing: /home/kt/repos/mppi/install/MPPI-Generic/include/mppi/dynamics/racer_dubins/racer_dubins_elevation.cuh
[0.298s] -- Installing: /home/kt/repos/mppi/install/MPPI-Generic/include/mppi/dynamics/racer_dubins/racer_dubins.cu
[0.299s] -- Installing: /home/kt/repos/mppi/install/MPPI-Generic/include/mppi/dynamics/racer_dubins/racer_dubins_elevation_lstm_unc.cu
[0.299s] -- Installing: /home/kt/repos/mppi/install/MPPI-Generic/include/mppi/dynamics/linear
[0.299s] -- Installing: /home/kt/repos/mppi/install/MPPI-Generic/include/mppi/dynamics/linear/linear.cu
[0.299s] -- Installing: /home/kt/repos/mppi/install/MPPI-Generic/include/mppi/dynamics/linear/linear.cuh
[0.300s] -- Installing: /home/kt/repos/mppi/install/MPPI-Generic/include/mppi/dynamics/autorally
[0.300s] -- Installing: /home/kt/repos/mppi/install/MPPI-Generic/include/mppi/dynamics/autorally/ar_nn_model.cu
[0.300s] -- Installing: /home/kt/repos/mppi/install/MPPI-Generic/include/mppi/dynamics/autorally/ar_nn_model.cuh
[0.300s] -- Installing: /home/kt/repos/mppi/install/MPPI-Generic/include/mppi/dynamics/bicycle_slip
[0.301s] -- Installing: /home/kt/repos/mppi/install/MPPI-Generic/include/mppi/dynamics/bicycle_slip/bicycle_slip_parametric.cuh
[0.301s] -- Installing: /home/kt/repos/mppi/install/MPPI-Generic/include/mppi/dynamics/bicycle_slip/bicycle_slip_parametric.cu
[0.301s] -- Installing: /home/kt/repos/mppi/install/MPPI-Generic/include/mppi/dynamics/dynamics.cuh
[0.302s] -- Installing: /home/kt/repos/mppi/install/MPPI-Generic/include/mppi/dynamics/racer_suspension
[0.302s] -- Installing: /home/kt/repos/mppi/install/MPPI-Generic/include/mppi/dynamics/racer_suspension/racer_suspension.cuh
[0.302s] -- Installing: /home/kt/repos/mppi/install/MPPI-Generic/include/mppi/dynamics/racer_suspension/racer_suspension.cu
[0.303s] -- Installing: /home/kt/repos/mppi/install/MPPI-Generic/include/mppi/dynamics/double_integrator
[0.303s] -- Installing: /home/kt/repos/mppi/install/MPPI-Generic/include/mppi/dynamics/double_integrator/di_dynamics.cuh
[0.303s] -- Installing: /home/kt/repos/mppi/install/MPPI-Generic/include/mppi/dynamics/double_integrator/di_dynamics.cu
[0.303s] -- Installing: /home/kt/repos/mppi/install/MPPI-Generic/include/mppi/ddp
[0.304s] -- Installing: /home/kt/repos/mppi/install/MPPI-Generic/include/mppi/ddp/boxqp.h
[0.304s] -- Installing: /home/kt/repos/mppi/install/MPPI-Generic/include/mppi/ddp/util.h
[0.305s] -- Installing: /home/kt/repos/mppi/install/MPPI-Generic/include/mppi/ddp/ddp_model_wrapper.h
[0.305s] -- Installing: /home/kt/repos/mppi/install/MPPI-Generic/include/mppi/ddp/ddp_costs.h
[0.305s] -- Installing: /home/kt/repos/mppi/install/MPPI-Generic/include/mppi/ddp/ddp_tracking_costs.h
[0.305s] -- Installing: /home/kt/repos/mppi/install/MPPI-Generic/include/mppi/ddp/result.h
[0.305s] -- Installing: /home/kt/repos/mppi/install/MPPI-Generic/include/mppi/ddp/ddp.h
[0.306s] -- Installing: /home/kt/repos/mppi/install/MPPI-Generic/include/mppi/ddp/ddp_dynamics.h
[0.306s] -- Installing: /home/kt/repos/mppi/install/MPPI-Generic/include/mppi/controllers
[0.306s] -- Installing: /home/kt/repos/mppi/install/MPPI-Generic/include/mppi/controllers/MPPI
[0.306s] -- Installing: /home/kt/repos/mppi/install/MPPI-Generic/include/mppi/controllers/MPPI/mppi_controller.cuh
[0.307s] -- Installing: /home/kt/repos/mppi/install/MPPI-Generic/include/mppi/controllers/MPPI/mppi_controller.cu
[0.307s] -- Installing: /home/kt/repos/mppi/install/MPPI-Generic/include/mppi/controllers/Primitives
[0.307s] -- Installing: /home/kt/repos/mppi/install/MPPI-Generic/include/mppi/controllers/Primitives/primitives_controller.cu
[0.307s] -- Installing: /home/kt/repos/mppi/install/MPPI-Generic/include/mppi/controllers/Primitives/primitives_controller.cuh
[0.308s] -- Installing: /home/kt/repos/mppi/install/MPPI-Generic/include/mppi/controllers/controller.cuh
[0.308s] -- Installing: /home/kt/repos/mppi/install/MPPI-Generic/include/mppi/controllers/controller.cu
[0.308s] -- Installing: /home/kt/repos/mppi/install/MPPI-Generic/include/mppi/controllers/ColoredMPPI
[0.308s] -- Installing: /home/kt/repos/mppi/install/MPPI-Generic/include/mppi/controllers/ColoredMPPI/colored_mppi_controller.cuh
[0.309s] -- Installing: /home/kt/repos/mppi/install/MPPI-Generic/include/mppi/controllers/ColoredMPPI/colored_mppi_controller.cu
[0.309s] -- Installing: /home/kt/repos/mppi/install/MPPI-Generic/include/mppi/controllers/R-MPPI
[0.309s] -- Installing: /home/kt/repos/mppi/install/MPPI-Generic/include/mppi/controllers/R-MPPI/robust_mppi_controller.cu
[0.310s] -- Installing: /home/kt/repos/mppi/install/MPPI-Generic/include/mppi/controllers/R-MPPI/robust_mppi_controller.cuh
[0.310s] -- Installing: /home/kt/repos/mppi/install/MPPI-Generic/include/mppi/controllers/Tube-MPPI
[0.310s] -- Installing: /home/kt/repos/mppi/install/MPPI-Generic/include/mppi/controllers/Tube-MPPI/tube_mppi_controller.cuh
[0.311s] -- Installing: /home/kt/repos/mppi/install/MPPI-Generic/include/mppi/controllers/Tube-MPPI/tube_mppi_controller.cu
[0.311s] -- Installing: /home/kt/repos/mppi/install/MPPI-Generic/include/mppi/shaping_functions
[0.311s] -- Installing: /home/kt/repos/mppi/install/MPPI-Generic/include/mppi/shaping_functions/CEM
[0.311s] -- Installing: /home/kt/repos/mppi/install/MPPI-Generic/include/mppi/shaping_functions/CEM/cem_shaping_function.cu
[0.312s] -- Installing: /home/kt/repos/mppi/install/MPPI-Generic/include/mppi/shaping_functions/CEM/cem_shaping_function.cuh
[0.312s] -- Installing: /home/kt/repos/mppi/install/MPPI-Generic/include/mppi/shaping_functions/shaping_function.cu
[0.312s] -- Installing: /home/kt/repos/mppi/install/MPPI-Generic/include/mppi/shaping_functions/shaping_function.cuh
[0.312s] -- Installing: /home/kt/repos/mppi/install/MPPI-Generic/include/mppi/sampling_distributions
[0.313s] -- Installing: /home/kt/repos/mppi/install/MPPI-Generic/include/mppi/sampling_distributions/sampling_distribution.cuh
[0.313s] -- Installing: /home/kt/repos/mppi/install/MPPI-Generic/include/mppi/sampling_distributions/smooth-MPPI
[0.313s] -- Installing: /home/kt/repos/mppi/install/MPPI-Generic/include/mppi/sampling_distributions/smooth-MPPI/smooth-MPPI.cu
[0.313s] -- Installing: /home/kt/repos/mppi/install/MPPI-Generic/include/mppi/sampling_distributions/smooth-MPPI/smooth-MPPI.cuh
[0.314s] -- Installing: /home/kt/repos/mppi/install/MPPI-Generic/include/mppi/sampling_distributions/piecewise_linear
[0.314s] -- Installing: /home/kt/repos/mppi/install/MPPI-Generic/include/mppi/sampling_distributions/piecewise_linear/piecewise_linear_noise.cuh
[0.314s] -- Installing: /home/kt/repos/mppi/install/MPPI-Generic/include/mppi/sampling_distributions/colored_noise
[0.314s] -- Installing: /home/kt/repos/mppi/install/MPPI-Generic/include/mppi/sampling_distributions/colored_noise/colored_noise.cuh
[0.315s] -- Installing: /home/kt/repos/mppi/install/MPPI-Generic/include/mppi/sampling_distributions/colored_noise/colored_noise.cu
[0.316s] -- Installing: /home/kt/repos/mppi/install/MPPI-Generic/include/mppi/sampling_distributions/nln
[0.316s] -- Installing: /home/kt/repos/mppi/install/MPPI-Generic/include/mppi/sampling_distributions/nln/nln.cuh
[0.316s] -- Installing: /home/kt/repos/mppi/install/MPPI-Generic/include/mppi/sampling_distributions/nln/nln.cu
[0.317s] -- Installing: /home/kt/repos/mppi/install/MPPI-Generic/include/mppi/sampling_distributions/sampling_distribution.cu
[0.317s] -- Installing: /home/kt/repos/mppi/install/MPPI-Generic/include/mppi/sampling_distributions/gaussian
[0.317s] -- Installing: /home/kt/repos/mppi/install/MPPI-Generic/include/mppi/sampling_distributions/gaussian/gaussian.cuh
[0.318s] -- Installing: /home/kt/repos/mppi/install/MPPI-Generic/include/mppi/sampling_distributions/gaussian/gaussian.cu
[0.319s] -- Installing: /home/kt/repos/mppi/install/MPPI-Generic/lib/cmake/MPPI-Generic/MPPI-GenericTargets.cmake
[0.319s] -- Installing: /home/kt/repos/mppi/install/MPPI-Generic/lib/cmake/MPPI-Generic/MPPI-GenericTargetsNoNamespace.cmake
[0.319s] -- Installing: /home/kt/repos/mppi/install/MPPI-Generic/lib/cmake/MPPI-Generic/MPPI-GenericConfig.cmake
[0.320s] -- Installing: /home/kt/repos/mppi/install/MPPI-Generic/lib/cmake/MPPI-Generic/MPPI-GenericConfigVersion.cmake
[0.320s] -- Installing: /home/kt/repos/mppi/install/MPPI-Generic/lib/cmake/MPPI-Generic/MPPIGenericToolsConfig.cmake
[0.326s] Invoked command in '/home/kt/repos/mppi/build/MPPI-Generic' returned '0': /usr/bin/cmake --install /home/kt/repos/mppi/build/MPPI-Generic
