[0.024s] Invoking command in '/home/kt/repos/mppi/build/mppi': CMAKE_PREFIX_PATH=/opt/ros/foxy /usr/bin/cmake --build /home/kt/repos/mppi/build/mppi -- -j6 -l6
[1.288s] -- Autodetected CUDA architecture(s):  8.7
[1.289s] -- CUDA Architecture(s): -gencode=arch=compute_87,code=sm_87
[2.553s] -- Autodetected CUDA architecture(s):  8.7
[2.553s] -- CUDA Architecture(s): -gencode=arch=compute_87,code=sm_87
[2.554s] -- Found ament_cmake: 0.9.12 (/opt/ros/foxy/share/ament_cmake/cmake)
[2.598s] -- Using PYTHON_EXECUTABLE: /usr/bin/python3
[2.964s] -- Override CMake install command with custom implementation using symlinks instead of copying resources
[2.992s] -- Found ament_lint_auto: 0.9.8 (/opt/ros/foxy/share/ament_lint_auto/cmake)
[3.134s] -- Added test 'copyright' to check source files copyright and LICENSE
[3.170s] -- Added test 'cppcheck' to perform static code analysis on C / C++ code
[3.170s] -- Configured cppcheck include dirs: /home/kt/repos/mppi/src/mppi/src/mppi/include/mppi;/home/kt/repos/mppi/src/mppi/src/mppi/src;$<BUILD_INTERFACE:/home/kt/repos/mppi/src/mppi/include>
[3.170s] -- Configured cppcheck exclude dirs and/or files: 
[3.203s] -- Added test 'cpplint' to check C / C++ code against the Google style
[3.203s] -- Configured cpplint exclude dirs and/or files: 
[3.207s] -- Added test 'flake8' to check Python code syntax and style conventions
[3.215s] -- Added test 'lint_cmake' to check CMake code style
[3.220s] -- Added test 'pep257' to check Python code against some of the style conventions in PEP 257
[3.253s] -- Added test 'uncrustify' to check C / C++ code style
[3.253s] -- Configured uncrustify additional arguments: 
[3.257s] -- Added test 'xmllint' to check XML markup files
[3.262s] -- Configuring done
[3.284s] -- Generating done
[3.292s] -- Build files have been written to: /home/kt/repos/mppi/build/mppi
[3.365s] [ 25%] Built target cnpy-static
[3.368s] [ 50%] Built target cnpy
[3.391s] [35m[1mScanning dependencies of target mppi_node[0m
[3.416s] [ 75%] Built target example1
[3.420s] [ 87%] [32mBuilding CUDA object CMakeFiles/mppi_node.dir/src/mppi_node.cu.o[0m
[3.594s] In file included from [01m[K/usr/include/eigen3/Eigen/Core:257[m[K,
[3.594s]                  from [01m[K/home/kt/repos/mppi/src/mppi/submodules/MPPI-Generic/include/mppi/controllers/controller.cuh:9[m[K,
[3.594s]                  from [01m[K/home/kt/repos/mppi/src/mppi/submodules/MPPI-Generic/include/mppi/controllers/MPPI/mppi_controller.cuh:11[m[K,
[3.595s]                  from [01m[K/home/kt/repos/mppi/src/mppi/src/mppi_node.cu:2[m[K:
[3.595s] [01m[K/usr/local/cuda/bin/../targets/aarch64-linux/include/host_defines.h:54:2:[m[K [01;35m[Kwarning: [m[K#warning "host_defines.h is an internal header file and must not be used directly.  This file will be removed in a future CUDA release.  Please use cuda_runtime_api.h or cuda_runtime.h instead." [[01;35m[K-Wcpp[m[K]
[3.595s]    54 | #[01;35m[Kwarning[m[K "host_defines.h is an internal header file and must not be used directly.  This file will be removed in a future CUDA release.  Please use cuda_runtime_api.h or cuda_runtime.h instead."
[3.595s]       |  [01;35m[K^~~~~~~[m[K
[3.979s] [01m[K/home/kt/repos/mppi/src/mppi/src/mppi_node.cu:5:10:[m[K [01;31m[Kfatal error: [m[Ksingletrack_dynamics.cuh: No such file or directory
[3.979s]     5 | #include [01;31m[K<singletrack_dynamics.cuh>[m[K
[3.979s]       |          [01;31m[K^~~~~~~~~~~~~~~~~~~~~~~~~~[m[K
[3.979s] compilation terminated.
[3.992s] make[2]: *** [CMakeFiles/mppi_node.dir/build.make:63: CMakeFiles/mppi_node.dir/src/mppi_node.cu.o] Error 1
[3.992s] make[1]: *** [CMakeFiles/Makefile2:120: CMakeFiles/mppi_node.dir/all] Error 2
[3.992s] make: *** [Makefile:141: all] Error 2
[3.999s] Invoked command in '/home/kt/repos/mppi/build/mppi' returned '2': CMAKE_PREFIX_PATH=/opt/ros/foxy /usr/bin/cmake --build /home/kt/repos/mppi/build/mppi -- -j6 -l6
